24-04-2026 23:49:57.531 [background-preinit] [-] INFO  api-gateway-o.h.validator.internal.util.Version.<clinit> - HV000001: Hibernate Validator 8.0.1.Final
24-04-2026 23:49:57.717 [main] [-] INFO  api-gateway-c.c.e.a.ApiGatewayApplication.logStarting - Starting ApiGatewayApplication using Java 22.0.2 with PID 16292 (D:\Downloads\e_Commerce_57fbcb1148\eCommerce\api-gateway\target\classes started by Sushant Gargi in D:\Downloads\e_Commerce_57fbcb1148\eCommerce)
24-04-2026 23:49:57.721 [main] [-] INFO  api-gateway-c.c.e.a.ApiGatewayApplication.logStartupProfileInfo - No active profile set, falling back to 1 default profile: "default"
24-04-2026 23:49:57.796 [main] [-] INFO  api-gateway-o.s.c.c.c.ConfigServerConfigDataLoader.logTo - Fetching config from server at : http://localhost:8888
24-04-2026 23:49:57.900 [main] [-] INFO  api-gateway-o.s.c.c.c.ConfigServerConfigDataLoader.logTo - Located environment: name=api-gateway, profiles=[default], label=null, version=02911afb28134f36d432d9ba28cf2c8e1ce6e912, state=null
24-04-2026 23:49:59.715 [main] [-] INFO  api-gateway-o.s.cloud.context.scope.GenericScope.setSerializationId - BeanFactory id=b87e1e32-fa77-3348-9f79-be195f155eb8
24-04-2026 23:49:59.844 [main] [-] WARN  api-gateway-o.s.c.s.PostProcessorRegistrationDelegate$BeanPostProcessorChecker.postProcessAfterInitialization - Bean 'org.springframework.cloud.client.loadbalancer.LoadBalancerAutoConfiguration$DeferringLoadBalancerInterceptorConfig' of type [org.springframework.cloud.client.loadbalancer.LoadBalancerAutoConfiguration$DeferringLoadBalancerInterceptorConfig] is not eligible for getting processed by all BeanPostProcessors (for example: not eligible for auto-proxying). The currently created BeanPostProcessor [lbRestClientPostProcessor] is declared through a non-static factory method on that class; consider declaring it as static instead.
24-04-2026 23:49:59.848 [main] [-] WARN  api-gateway-o.s.c.s.PostProcessorRegistrationDelegate$BeanPostProcessorChecker.postProcessAfterInitialization - Bean 'deferringLoadBalancerInterceptor' of type [org.springframework.cloud.client.loadbalancer.DeferringLoadBalancerInterceptor] is not eligible for getting processed by all BeanPostProcessors (for example: not eligible for auto-proxying). Is this bean getting eagerly injected into a currently created BeanPostProcessor [lbRestClientPostProcessor]? Check the corresponding BeanPostProcessor declaration and its dependencies.
24-04-2026 23:49:59.853 [main] [-] WARN  api-gateway-o.s.c.s.PostProcessorRegistrationDelegate$BeanPostProcessorChecker.postProcessAfterInitialization - Bean 'org.springframework.cloud.client.loadbalancer.reactive.LoadBalancerBeanPostProcessorAutoConfiguration' of type [org.springframework.cloud.client.loadbalancer.reactive.LoadBalancerBeanPostProcessorAutoConfiguration] is not eligible for getting processed by all BeanPostProcessors (for example: not eligible for auto-proxying). The currently created BeanPostProcessor [loadBalancerWebClientBuilderBeanPostProcessor] is declared through a non-static factory method on that class; consider declaring it as static instead.
24-04-2026 23:49:59.856 [main] [-] WARN  api-gateway-o.s.c.s.PostProcessorRegistrationDelegate$BeanPostProcessorChecker.postProcessAfterInitialization - Bean 'org.springframework.cloud.client.loadbalancer.reactive.LoadBalancerBeanPostProcessorAutoConfiguration$ReactorDeferringLoadBalancerFilterConfig' of type [org.springframework.cloud.client.loadbalancer.reactive.LoadBalancerBeanPostProcessorAutoConfiguration$ReactorDeferringLoadBalancerFilterConfig] is not eligible for getting processed by all BeanPostProcessors (for example: not eligible for auto-proxying). Is this bean getting eagerly injected into a currently created BeanPostProcessor [loadBalancerWebClientBuilderBeanPostProcessor]? Check the corresponding BeanPostProcessor declaration and its dependencies.
24-04-2026 23:49:59.860 [main] [-] WARN  api-gateway-o.s.c.s.PostProcessorRegistrationDelegate$BeanPostProcessorChecker.postProcessAfterInitialization - Bean 'reactorDeferringLoadBalancerExchangeFilterFunction' of type [org.springframework.cloud.client.loadbalancer.reactive.DeferringLoadBalancerExchangeFilterFunction] is not eligible for getting processed by all BeanPostProcessors (for example: not eligible for auto-proxying). Is this bean getting eagerly injected into a currently created BeanPostProcessor [loadBalancerWebClientBuilderBeanPostProcessor]? Check the corresponding BeanPostProcessor declaration and its dependencies.
24-04-2026 23:50:01.510 [main] [-] INFO  api-gateway-o.s.c.g.r.RouteDefinitionRouteLocator.lambda$initFactories$1 - Loaded RoutePredicateFactory [After]
24-04-2026 23:50:01.510 [main] [-] INFO  api-gateway-o.s.c.g.r.RouteDefinitionRouteLocator.lambda$initFactories$1 - Loaded RoutePredicateFactory [Before]
24-04-2026 23:50:01.511 [main] [-] INFO  api-gateway-o.s.c.g.r.RouteDefinitionRouteLocator.lambda$initFactories$1 - Loaded RoutePredicateFactory [Between]
24-04-2026 23:50:01.511 [main] [-] INFO  api-gateway-o.s.c.g.r.RouteDefinitionRouteLocator.lambda$initFactories$1 - Loaded RoutePredicateFactory [Cookie]
24-04-2026 23:50:01.511 [main] [-] INFO  api-gateway-o.s.c.g.r.RouteDefinitionRouteLocator.lambda$initFactories$1 - Loaded RoutePredicateFactory [Header]
24-04-2026 23:50:01.512 [main] [-] INFO  api-gateway-o.s.c.g.r.RouteDefinitionRouteLocator.lambda$initFactories$1 - Loaded RoutePredicateFactory [Host]
24-04-2026 23:50:01.512 [main] [-] INFO  api-gateway-o.s.c.g.r.RouteDefinitionRouteLocator.lambda$initFactories$1 - Loaded RoutePredicateFactory [Method]
24-04-2026 23:50:01.512 [main] [-] INFO  api-gateway-o.s.c.g.r.RouteDefinitionRouteLocator.lambda$initFactories$1 - Loaded RoutePredicateFactory [Path]
24-04-2026 23:50:01.512 [main] [-] INFO  api-gateway-o.s.c.g.r.RouteDefinitionRouteLocator.lambda$initFactories$1 - Loaded RoutePredicateFactory [Query]
24-04-2026 23:50:01.512 [main] [-] INFO  api-gateway-o.s.c.g.r.RouteDefinitionRouteLocator.lambda$initFactories$1 - Loaded RoutePredicateFactory [ReadBody]
24-04-2026 23:50:01.512 [main] [-] INFO  api-gateway-o.s.c.g.r.RouteDefinitionRouteLocator.lambda$initFactories$1 - Loaded RoutePredicateFactory [RemoteAddr]
24-04-2026 23:50:01.512 [main] [-] INFO  api-gateway-o.s.c.g.r.RouteDefinitionRouteLocator.lambda$initFactories$1 - Loaded RoutePredicateFactory [XForwardedRemoteAddr]
24-04-2026 23:50:01.514 [main] [-] INFO  api-gateway-o.s.c.g.r.RouteDefinitionRouteLocator.lambda$initFactories$1 - Loaded RoutePredicateFactory [Weight]
24-04-2026 23:50:01.514 [main] [-] INFO  api-gateway-o.s.c.g.r.RouteDefinitionRouteLocator.lambda$initFactories$1 - Loaded RoutePredicateFactory [CloudFoundryRouteService]
24-04-2026 23:50:02.482 [main] [-] INFO  api-gateway-o.s.b.a.e.web.EndpointLinksResolver.<init> - Exposing 17 endpoints beneath base path '/actuator'
24-04-2026 23:50:04.992 [main] [-] INFO  api-gateway-o.s.c.n.e.c.DiscoveryClientOptionalArgsConfiguration.restTemplateDiscoveryClientOptionalArgs - Eureka HTTP Client uses RestTemplate.
24-04-2026 23:50:05.041 [main] [-] WARN  api-gateway-o.s.c.l.c.LoadBalancerCacheAutoConfiguration$LoadBalancerCaffeineWarnLogger.afterPropertiesSet - Spring Cloud LoadBalancer is currently working with the default cache. While this cache implementation is useful for development and tests, it's recommended to use Caffeine cache in production.You can switch to using Caffeine cache, by adding it and org.springframework.cache.caffeine.CaffeineCacheManager to the classpath.
24-04-2026 23:50:05.394 [main] [-] INFO  api-gateway-o.s.c.n.eureka.InstanceInfoFactory.create - Setting initial instance status as: STARTING
24-04-2026 23:50:05.421 [main] [-] INFO  api-gateway-c.netflix.discovery.DiscoveryClient.<init> - Initializing Eureka in region us-east-1
24-04-2026 23:50:05.424 [main] [-] INFO  api-gateway-c.n.d.s.r.aws.ConfigClusterResolver.getClusterEndpoints - Resolving eureka endpoints via configuration
24-04-2026 23:50:05.467 [main] [-] INFO  api-gateway-c.netflix.discovery.DiscoveryClient.fetchRegistry - Disable delta property : false
24-04-2026 23:50:05.468 [main] [-] INFO  api-gateway-c.netflix.discovery.DiscoveryClient.fetchRegistry - Single vip registry refresh property : null
24-04-2026 23:50:05.469 [main] [-] INFO  api-gateway-c.netflix.discovery.DiscoveryClient.fetchRegistry - Force full registry fetch : false
24-04-2026 23:50:05.469 [main] [-] INFO  api-gateway-c.netflix.discovery.DiscoveryClient.fetchRegistry - Application is null : false
24-04-2026 23:50:05.469 [main] [-] INFO  api-gateway-c.netflix.discovery.DiscoveryClient.fetchRegistry - Registered Applications size is zero : true
24-04-2026 23:50:05.469 [main] [-] INFO  api-gateway-c.netflix.discovery.DiscoveryClient.fetchRegistry - Application version is -1: true
24-04-2026 23:50:05.469 [main] [-] INFO  api-gateway-c.netflix.discovery.DiscoveryClient.getAndStoreFullRegistry - Getting all instance registry info from the eureka server
24-04-2026 23:50:12.255 [main] [-] INFO  api-gateway-c.netflix.discovery.DiscoveryClient.getAndStoreFullRegistry - The response status is 200
24-04-2026 23:50:12.259 [main] [-] INFO  api-gateway-c.netflix.discovery.DiscoveryClient.initScheduledTasks - Starting heartbeat executor: renew interval is: 30
24-04-2026 23:50:12.263 [main] [-] INFO  api-gateway-c.n.discovery.InstanceInfoReplicator.<init> - InstanceInfoReplicator onDemand update allowed rate per min is 4
24-04-2026 23:50:12.264 [main] [-] INFO  api-gateway-c.netflix.discovery.DiscoveryClient.<init> - Discovery Client initialized at timestamp 1777054812264 with initial instances count: 4
24-04-2026 23:50:12.268 [main] [-] INFO  api-gateway-o.s.c.n.e.s.EurekaServiceRegistry.register - Registering application API-GATEWAY with eureka with status UP
24-04-2026 23:50:12.269 [main] [-] INFO  api-gateway-c.netflix.discovery.DiscoveryClient.notify - Saw local status change event StatusChangeEvent [timestamp=1777054812269, current=UP, previous=STARTING]
24-04-2026 23:50:12.270 [DiscoveryClient-InstanceInfoReplicator-%d] [-] INFO  api-gateway-c.netflix.discovery.DiscoveryClient.register - DiscoveryClient_API-GATEWAY/DESKTOP-VMQANPU.mshome.net:api-gateway:9000: registering service...
24-04-2026 23:50:13.133 [DiscoveryClient-InstanceInfoReplicator-%d] [-] INFO  api-gateway-c.netflix.discovery.DiscoveryClient.register - DiscoveryClient_API-GATEWAY/DESKTOP-VMQANPU.mshome.net:api-gateway:9000 - registration status: 204
24-04-2026 23:50:18.784 [main] [-] INFO  api-gateway-o.s.b.w.e.netty.NettyWebServer.start - Netty started on port 9000 (http)
24-04-2026 23:50:18.787 [main] [-] INFO  api-gateway-o.s.c.n.e.s.EurekaAutoServiceRegistration.onApplicationEvent - Updating port to 9000
24-04-2026 23:50:18.884 [main] [-] INFO  api-gateway-c.c.e.a.ApiGatewayApplication.logStarted - Started ApiGatewayApplication in 23.736 seconds (process running for 24.743)
24-04-2026 23:55:05.504 [AsyncResolver-bootstrap-executor-%d] [-] INFO  api-gateway-c.n.d.s.r.aws.ConfigClusterResolver.getClusterEndpoints - Resolving eureka endpoints via configuration
24-04-2026 23:56:49.212 [reactor-http-nio-3] [-] INFO  api-gateway-c.c.e.a.filters.LoggingOrdersFilter.lambda$apply$0 - Order Filter Pre: http://localhost:9000/orders/core/helloOrders
24-04-2026 23:56:49.215 [reactor-http-nio-3] [-] INFO  api-gateway-c.c.e.a.filters.GlobalLoggingFilter.filter - Logging from Global Pre: http://localhost:9000/orders/core/helloOrders
24-04-2026 23:56:54.666 [reactor-http-nio-3] [-] INFO  api-gateway-c.c.e.a.filters.GlobalLoggingFilter.lambda$filter$0 - Logging from Global Post: 200 OK
24-04-2026 23:57:43.569 [reactor-http-nio-3] [-] INFO  api-gateway-c.c.e.a.filters.GlobalLoggingFilter.filter - Logging from Global Pre: http://localhost:9000/inventory/products
24-04-2026 23:57:47.410 [reactor-http-nio-3] [-] INFO  api-gateway-c.c.e.a.filters.GlobalLoggingFilter.lambda$filter$0 - Logging from Global Post: 200 OK
24-04-2026 23:59:07.176 [reactor-http-nio-6] [-] INFO  api-gateway-c.c.e.a.filters.GlobalLoggingFilter.filter - Logging from Global Pre: http://localhost:9000/inventory/products
24-04-2026 23:59:07.234 [reactor-http-nio-6] [-] INFO  api-gateway-c.c.e.a.filters.GlobalLoggingFilter.lambda$filter$0 - Logging from Global Post: 200 OK
