25-04-2026 00:00:05.641 [AsyncResolver-bootstrap-executor-%d] [-] INFO  api-gateway-c.n.d.s.r.aws.ConfigClusterResolver.getClusterEndpoints - Resolving eureka endpoints via configuration
25-04-2026 00:05:05.714 [AsyncResolver-bootstrap-executor-%d] [-] INFO  api-gateway-c.n.d.s.r.aws.ConfigClusterResolver.getClusterEndpoints - Resolving eureka endpoints via configuration
25-04-2026 00:06:37.029 [SpringApplicationShutdownHook] [-] INFO  api-gateway-o.s.c.n.e.s.EurekaServiceRegistry.deregister - Unregistering application API-GATEWAY with eureka with status DOWN
25-04-2026 00:06:37.034 [SpringApplicationShutdownHook] [-] INFO  api-gateway-c.netflix.discovery.DiscoveryClient.notify - Saw local status change event StatusChangeEvent [timestamp=1777055797034, current=DOWN, previous=UP]
25-04-2026 00:06:37.143 [DiscoveryClient-InstanceInfoReplicator-%d] [-] INFO  api-gateway-c.netflix.discovery.DiscoveryClient.register - DiscoveryClient_API-GATEWAY/DESKTOP-VMQANPU.mshome.net:api-gateway:9000: registering service...
25-04-2026 00:06:37.209 [DiscoveryClient-InstanceInfoReplicator-%d] [-] INFO  api-gateway-c.netflix.discovery.DiscoveryClient.register - DiscoveryClient_API-GATEWAY/DESKTOP-VMQANPU.mshome.net:api-gateway:9000 - registration status: 204
25-04-2026 00:06:40.245 [SpringApplicationShutdownHook] [-] INFO  api-gateway-c.netflix.discovery.DiscoveryClient.shutdown - Shutting down DiscoveryClient ...
25-04-2026 00:06:43.380 [SpringApplicationShutdownHook] [-] INFO  api-gateway-c.netflix.discovery.DiscoveryClient.unregister - Unregistering ...
25-04-2026 00:06:43.982 [SpringApplicationShutdownHook] [-] INFO  api-gateway-c.netflix.discovery.DiscoveryClient.unregister - DiscoveryClient_API-GATEWAY/DESKTOP-VMQANPU.mshome.net:api-gateway:9000 - deregister  status: 200
25-04-2026 00:06:43.988 [SpringApplicationShutdownHook] [-] INFO  api-gateway-c.netflix.discovery.DiscoveryClient.shutdown - Completed shut down of DiscoveryClient
25-04-2026 00:07:00.868 [background-preinit] [-] INFO  api-gateway-o.h.validator.internal.util.Version.<clinit> - HV000001: Hibernate Validator 8.0.1.Final
25-04-2026 00:07:01.321 [main] [-] INFO  api-gateway-c.c.e.a.ApiGatewayApplication.logStarting - Starting ApiGatewayApplication using Java 22.0.2 with PID 12240 (D:\Downloads\e_Commerce_57fbcb1148\eCommerce\api-gateway\target\classes started by Sushant Gargi in D:\Downloads\e_Commerce_57fbcb1148\eCommerce)
25-04-2026 00:07:01.324 [main] [-] INFO  api-gateway-c.c.e.a.ApiGatewayApplication.logStartupProfileInfo - No active profile set, falling back to 1 default profile: "default"
25-04-2026 00:07:01.544 [main] [-] INFO  api-gateway-o.s.c.c.c.ConfigServerConfigDataLoader.logTo - Fetching config from server at : http://localhost:8888
25-04-2026 00:07:01.544 [main] [-] INFO  api-gateway-o.s.c.c.c.ConfigServerConfigDataLoader.logTo - Located environment: name=api-gateway, profiles=[default], label=null, version=ec2fa300df3a04356e97405aac462f8ad4f7feef, state=null
25-04-2026 00:07:06.673 [main] [-] INFO  api-gateway-o.s.cloud.context.scope.GenericScope.setSerializationId - BeanFactory id=b87e1e32-fa77-3348-9f79-be195f155eb8
25-04-2026 00:07:06.928 [main] [-] WARN  api-gateway-o.s.c.s.PostProcessorRegistrationDelegate$BeanPostProcessorChecker.postProcessAfterInitialization - Bean 'org.springframework.cloud.client.loadbalancer.LoadBalancerAutoConfiguration$DeferringLoadBalancerInterceptorConfig' of type [org.springframework.cloud.client.loadbalancer.LoadBalancerAutoConfiguration$DeferringLoadBalancerInterceptorConfig] is not eligible for getting processed by all BeanPostProcessors (for example: not eligible for auto-proxying). The currently created BeanPostProcessor [lbRestClientPostProcessor] is declared through a non-static factory method on that class; consider declaring it as static instead.
25-04-2026 00:07:06.932 [main] [-] WARN  api-gateway-o.s.c.s.PostProcessorRegistrationDelegate$BeanPostProcessorChecker.postProcessAfterInitialization - Bean 'deferringLoadBalancerInterceptor' of type [org.springframework.cloud.client.loadbalancer.DeferringLoadBalancerInterceptor] is not eligible for getting processed by all BeanPostProcessors (for example: not eligible for auto-proxying). Is this bean getting eagerly injected into a currently created BeanPostProcessor [lbRestClientPostProcessor]? Check the corresponding BeanPostProcessor declaration and its dependencies.
25-04-2026 00:07:07.041 [main] [-] WARN  api-gateway-o.s.c.s.PostProcessorRegistrationDelegate$BeanPostProcessorChecker.postProcessAfterInitialization - Bean 'org.springframework.cloud.client.loadbalancer.reactive.LoadBalancerBeanPostProcessorAutoConfiguration' of type [org.springframework.cloud.client.loadbalancer.reactive.LoadBalancerBeanPostProcessorAutoConfiguration] is not eligible for getting processed by all BeanPostProcessors (for example: not eligible for auto-proxying). The currently created BeanPostProcessor [loadBalancerWebClientBuilderBeanPostProcessor] is declared through a non-static factory method on that class; consider declaring it as static instead.
25-04-2026 00:07:07.046 [main] [-] WARN  api-gateway-o.s.c.s.PostProcessorRegistrationDelegate$BeanPostProcessorChecker.postProcessAfterInitialization - Bean 'org.springframework.cloud.client.loadbalancer.reactive.LoadBalancerBeanPostProcessorAutoConfiguration$ReactorDeferringLoadBalancerFilterConfig' of type [org.springframework.cloud.client.loadbalancer.reactive.LoadBalancerBeanPostProcessorAutoConfiguration$ReactorDeferringLoadBalancerFilterConfig] is not eligible for getting processed by all BeanPostProcessors (for example: not eligible for auto-proxying). Is this bean getting eagerly injected into a currently created BeanPostProcessor [loadBalancerWebClientBuilderBeanPostProcessor]? Check the corresponding BeanPostProcessor declaration and its dependencies.
25-04-2026 00:07:07.059 [main] [-] WARN  api-gateway-o.s.c.s.PostProcessorRegistrationDelegate$BeanPostProcessorChecker.postProcessAfterInitialization - Bean 'reactorDeferringLoadBalancerExchangeFilterFunction' of type [org.springframework.cloud.client.loadbalancer.reactive.DeferringLoadBalancerExchangeFilterFunction] is not eligible for getting processed by all BeanPostProcessors (for example: not eligible for auto-proxying). Is this bean getting eagerly injected into a currently created BeanPostProcessor [loadBalancerWebClientBuilderBeanPostProcessor]? Check the corresponding BeanPostProcessor declaration and its dependencies.
25-04-2026 00:07:09.419 [main] [-] INFO  api-gateway-o.s.c.g.r.RouteDefinitionRouteLocator.lambda$initFactories$1 - Loaded RoutePredicateFactory [After]
25-04-2026 00:07:09.420 [main] [-] INFO  api-gateway-o.s.c.g.r.RouteDefinitionRouteLocator.lambda$initFactories$1 - Loaded RoutePredicateFactory [Before]
25-04-2026 00:07:09.421 [main] [-] INFO  api-gateway-o.s.c.g.r.RouteDefinitionRouteLocator.lambda$initFactories$1 - Loaded RoutePredicateFactory [Between]
25-04-2026 00:07:09.421 [main] [-] INFO  api-gateway-o.s.c.g.r.RouteDefinitionRouteLocator.lambda$initFactories$1 - Loaded RoutePredicateFactory [Cookie]
25-04-2026 00:07:09.421 [main] [-] INFO  api-gateway-o.s.c.g.r.RouteDefinitionRouteLocator.lambda$initFactories$1 - Loaded RoutePredicateFactory [Header]
25-04-2026 00:07:09.421 [main] [-] INFO  api-gateway-o.s.c.g.r.RouteDefinitionRouteLocator.lambda$initFactories$1 - Loaded RoutePredicateFactory [Host]
25-04-2026 00:07:09.422 [main] [-] INFO  api-gateway-o.s.c.g.r.RouteDefinitionRouteLocator.lambda$initFactories$1 - Loaded RoutePredicateFactory [Method]
25-04-2026 00:07:09.422 [main] [-] INFO  api-gateway-o.s.c.g.r.RouteDefinitionRouteLocator.lambda$initFactories$1 - Loaded RoutePredicateFactory [Path]
25-04-2026 00:07:09.422 [main] [-] INFO  api-gateway-o.s.c.g.r.RouteDefinitionRouteLocator.lambda$initFactories$1 - Loaded RoutePredicateFactory [Query]
25-04-2026 00:07:09.422 [main] [-] INFO  api-gateway-o.s.c.g.r.RouteDefinitionRouteLocator.lambda$initFactories$1 - Loaded RoutePredicateFactory [ReadBody]
25-04-2026 00:07:09.422 [main] [-] INFO  api-gateway-o.s.c.g.r.RouteDefinitionRouteLocator.lambda$initFactories$1 - Loaded RoutePredicateFactory [RemoteAddr]
25-04-2026 00:07:09.423 [main] [-] INFO  api-gateway-o.s.c.g.r.RouteDefinitionRouteLocator.lambda$initFactories$1 - Loaded RoutePredicateFactory [XForwardedRemoteAddr]
25-04-2026 00:07:09.423 [main] [-] INFO  api-gateway-o.s.c.g.r.RouteDefinitionRouteLocator.lambda$initFactories$1 - Loaded RoutePredicateFactory [Weight]
25-04-2026 00:07:09.424 [main] [-] INFO  api-gateway-o.s.c.g.r.RouteDefinitionRouteLocator.lambda$initFactories$1 - Loaded RoutePredicateFactory [CloudFoundryRouteService]
25-04-2026 00:07:09.985 [main] [-] INFO  api-gateway-o.s.b.a.e.web.EndpointLinksResolver.<init> - Exposing 17 endpoints beneath base path '/actuator'
25-04-2026 00:07:10.607 [main] [-] INFO  api-gateway-o.s.c.n.e.c.DiscoveryClientOptionalArgsConfiguration.restTemplateDiscoveryClientOptionalArgs - Eureka HTTP Client uses RestTemplate.
25-04-2026 00:07:10.667 [main] [-] WARN  api-gateway-o.s.c.l.c.LoadBalancerCacheAutoConfiguration$LoadBalancerCaffeineWarnLogger.afterPropertiesSet - Spring Cloud LoadBalancer is currently working with the default cache. While this cache implementation is useful for development and tests, it's recommended to use Caffeine cache in production.You can switch to using Caffeine cache, by adding it and org.springframework.cache.caffeine.CaffeineCacheManager to the classpath.
25-04-2026 00:07:10.782 [main] [-] INFO  api-gateway-o.s.c.n.eureka.InstanceInfoFactory.create - Setting initial instance status as: STARTING
25-04-2026 00:07:10.834 [main] [-] INFO  api-gateway-c.netflix.discovery.DiscoveryClient.<init> - Initializing Eureka in region us-east-1
25-04-2026 00:07:10.863 [main] [-] INFO  api-gateway-c.n.d.s.r.aws.ConfigClusterResolver.getClusterEndpoints - Resolving eureka endpoints via configuration
25-04-2026 00:07:10.880 [main] [-] INFO  api-gateway-c.netflix.discovery.DiscoveryClient.fetchRegistry - Disable delta property : false
25-04-2026 00:07:10.881 [main] [-] INFO  api-gateway-c.netflix.discovery.DiscoveryClient.fetchRegistry - Single vip registry refresh property : null
25-04-2026 00:07:10.881 [main] [-] INFO  api-gateway-c.netflix.discovery.DiscoveryClient.fetchRegistry - Force full registry fetch : false
25-04-2026 00:07:10.881 [main] [-] INFO  api-gateway-c.netflix.discovery.DiscoveryClient.fetchRegistry - Application is null : false
25-04-2026 00:07:10.882 [main] [-] INFO  api-gateway-c.netflix.discovery.DiscoveryClient.fetchRegistry - Registered Applications size is zero : true
25-04-2026 00:07:10.882 [main] [-] INFO  api-gateway-c.netflix.discovery.DiscoveryClient.fetchRegistry - Application version is -1: true
25-04-2026 00:07:10.883 [main] [-] INFO  api-gateway-c.netflix.discovery.DiscoveryClient.getAndStoreFullRegistry - Getting all instance registry info from the eureka server
25-04-2026 00:07:11.492 [main] [-] INFO  api-gateway-c.netflix.discovery.DiscoveryClient.getAndStoreFullRegistry - The response status is 200
25-04-2026 00:07:11.495 [main] [-] INFO  api-gateway-c.netflix.discovery.DiscoveryClient.initScheduledTasks - Starting heartbeat executor: renew interval is: 30
25-04-2026 00:07:11.498 [main] [-] INFO  api-gateway-c.n.discovery.InstanceInfoReplicator.<init> - InstanceInfoReplicator onDemand update allowed rate per min is 4
25-04-2026 00:07:11.502 [main] [-] INFO  api-gateway-c.netflix.discovery.DiscoveryClient.<init> - Discovery Client initialized at timestamp 1777055831502 with initial instances count: 4
25-04-2026 00:07:11.509 [main] [-] INFO  api-gateway-o.s.c.n.e.s.EurekaServiceRegistry.register - Registering application API-GATEWAY with eureka with status UP
25-04-2026 00:07:11.510 [main] [-] INFO  api-gateway-c.netflix.discovery.DiscoveryClient.notify - Saw local status change event StatusChangeEvent [timestamp=1777055831510, current=UP, previous=STARTING]
25-04-2026 00:07:11.512 [DiscoveryClient-InstanceInfoReplicator-%d] [-] INFO  api-gateway-c.netflix.discovery.DiscoveryClient.register - DiscoveryClient_API-GATEWAY/DESKTOP-VMQANPU.mshome.net:api-gateway:9000: registering service...
25-04-2026 00:07:11.632 [DiscoveryClient-InstanceInfoReplicator-%d] [-] INFO  api-gateway-c.netflix.discovery.DiscoveryClient.register - DiscoveryClient_API-GATEWAY/DESKTOP-VMQANPU.mshome.net:api-gateway:9000 - registration status: 204
25-04-2026 00:07:12.191 [main] [-] INFO  api-gateway-o.s.b.w.e.netty.NettyWebServer.start - Netty started on port 9000 (http)
25-04-2026 00:07:12.194 [main] [-] INFO  api-gateway-o.s.c.n.e.s.EurekaAutoServiceRegistration.onApplicationEvent - Updating port to 9000
25-04-2026 00:07:12.268 [main] [-] INFO  api-gateway-c.c.e.a.ApiGatewayApplication.logStarted - Started ApiGatewayApplication in 17.158 seconds (process running for 23.352)
25-04-2026 00:09:44.409 [reactor-http-nio-3] [-] INFO  api-gateway-c.c.e.a.filters.GlobalLoggingFilter.filter - Logging from Global Pre: http://localhost:9000/inventory/products
25-04-2026 00:09:46.560 [reactor-http-nio-3] [-] INFO  api-gateway-c.c.e.a.filters.GlobalLoggingFilter.lambda$filter$0 - Logging from Global Post: 200 OK
25-04-2026 00:10:59.057 [reactor-http-nio-6] [-] INFO  api-gateway-c.c.e.a.filters.LoggingOrdersFilter.lambda$apply$0 - Order Filter Pre: http://localhost:9000/orders/core/helloOrders
25-04-2026 00:10:59.072 [reactor-http-nio-6] [-] INFO  api-gateway-c.c.e.a.filters.GlobalLoggingFilter.filter - Logging from Global Pre: http://localhost:9000/orders/core/helloOrders
25-04-2026 00:11:00.231 [reactor-http-nio-6] [-] INFO  api-gateway-c.c.e.a.filters.GlobalLoggingFilter.lambda$filter$0 - Logging from Global Post: 200 OK
25-04-2026 00:11:36.104 [reactor-http-nio-6] [-] INFO  api-gateway-c.c.e.a.filters.LoggingOrdersFilter.lambda$apply$0 - Order Filter Pre: http://localhost:9000/orders/core/helloOrders
25-04-2026 00:11:36.107 [reactor-http-nio-6] [-] INFO  api-gateway-c.c.e.a.filters.GlobalLoggingFilter.filter - Logging from Global Pre: http://localhost:9000/orders/core/helloOrders
25-04-2026 00:11:36.142 [reactor-http-nio-6] [-] INFO  api-gateway-c.c.e.a.filters.GlobalLoggingFilter.lambda$filter$0 - Logging from Global Post: 200 OK
25-04-2026 00:11:41.777 [reactor-http-nio-6] [-] INFO  api-gateway-c.c.e.a.filters.LoggingOrdersFilter.lambda$apply$0 - Order Filter Pre: http://localhost:9000/orders/core/helloOrders
25-04-2026 00:12:10.907 [AsyncResolver-bootstrap-executor-%d] [-] INFO  api-gateway-c.n.d.s.r.aws.ConfigClusterResolver.getClusterEndpoints - Resolving eureka endpoints via configuration
25-04-2026 00:15:03.961 [reactor-http-nio-8] [-] INFO  api-gateway-c.c.e.a.filters.GlobalLoggingFilter.filter - Logging from Global Pre: http://localhost:9000/shipping/orders
25-04-2026 00:15:11.862 [reactor-http-nio-8] [-] INFO  api-gateway-c.c.e.a.filters.GlobalLoggingFilter.lambda$filter$0 - Logging from Global Post: 200 OK
25-04-2026 00:15:44.469 [reactor-http-nio-8] [-] INFO  api-gateway-c.c.e.a.filters.GlobalLoggingFilter.filter - Logging from Global Pre: http://localhost:9000/shipping/orders
25-04-2026 00:15:44.539 [reactor-http-nio-8] [-] INFO  api-gateway-c.c.e.a.filters.GlobalLoggingFilter.lambda$filter$0 - Logging from Global Post: 200 OK
25-04-2026 00:17:10.922 [AsyncResolver-bootstrap-executor-%d] [-] INFO  api-gateway-c.n.d.s.r.aws.ConfigClusterResolver.getClusterEndpoints - Resolving eureka endpoints via configuration
25-04-2026 00:17:24.217 [reactor-http-nio-2] [-] INFO  api-gateway-c.c.e.a.filters.GlobalLoggingFilter.filter - Logging from Global Pre: http://localhost:9000/inventory/products/fetchOrders
25-04-2026 00:17:29.026 [reactor-http-nio-2] [-] INFO  api-gateway-c.c.e.a.filters.GlobalLoggingFilter.lambda$filter$0 - Logging from Global Post: 200 OK
25-04-2026 00:17:58.871 [reactor-http-nio-2] [-] INFO  api-gateway-c.c.e.a.filters.LoggingOrdersFilter.lambda$apply$0 - Order Filter Pre: http://localhost:9000/orders/core/create-order
25-04-2026 00:18:08.979 [reactor-http-nio-2] [-] INFO  api-gateway-c.c.e.a.filters.LoggingOrdersFilter.lambda$apply$0 - Order Filter Pre: http://localhost:9000/orders/core/create-order
25-04-2026 00:18:08.983 [reactor-http-nio-2] [-] INFO  api-gateway-c.c.e.a.filters.GlobalLoggingFilter.filter - Logging from Global Pre: http://localhost:9000/orders/core/create-order
25-04-2026 00:18:15.418 [reactor-http-nio-2] [-] INFO  api-gateway-c.c.e.a.filters.GlobalLoggingFilter.lambda$filter$0 - Logging from Global Post: 200 OK
25-04-2026 00:19:15.488 [reactor-http-nio-4] [-] INFO  api-gateway-c.c.e.a.filters.GlobalLoggingFilter.filter - Logging from Global Pre: http://localhost:9000/inventory/products
25-04-2026 00:19:15.626 [reactor-http-nio-4] [-] INFO  api-gateway-c.c.e.a.filters.GlobalLoggingFilter.lambda$filter$0 - Logging from Global Post: 200 OK
25-04-2026 00:20:15.651 [reactor-http-nio-4] [-] INFO  api-gateway-c.c.e.a.filters.LoggingOrdersFilter.lambda$apply$0 - Order Filter Pre: http://localhost:9000/orders/core/cancel-order/1
25-04-2026 00:20:15.653 [reactor-http-nio-4] [-] INFO  api-gateway-c.c.e.a.filters.GlobalLoggingFilter.filter - Logging from Global Pre: http://localhost:9000/orders/core/cancel-order/1
25-04-2026 00:20:16.122 [reactor-http-nio-4] [-] INFO  api-gateway-c.c.e.a.filters.GlobalLoggingFilter.lambda$filter$0 - Logging from Global Post: 200 OK
25-04-2026 00:20:26.064 [reactor-http-nio-4] [-] INFO  api-gateway-c.c.e.a.filters.GlobalLoggingFilter.filter - Logging from Global Pre: http://localhost:9000/inventory/products
25-04-2026 00:20:26.124 [reactor-http-nio-4] [-] INFO  api-gateway-c.c.e.a.filters.GlobalLoggingFilter.lambda$filter$0 - Logging from Global Post: 200 OK
25-04-2026 00:22:10.938 [AsyncResolver-bootstrap-executor-%d] [-] INFO  api-gateway-c.n.d.s.r.aws.ConfigClusterResolver.getClusterEndpoints - Resolving eureka endpoints via configuration
