21-04-2026 00:00:28.691 [AsyncResolver-bootstrap-executor-%d] [-] INFO  order-service-c.n.d.s.r.aws.ConfigClusterResolver.getClusterEndpoints - Resolving eureka endpoints via configuration
21-04-2026 00:05:31.270 [AsyncResolver-bootstrap-executor-%d] [-] INFO  order-service-c.n.d.s.r.aws.ConfigClusterResolver.getClusterEndpoints - Resolving eureka endpoints via configuration
21-04-2026 00:08:08.049 [DiscoveryClient-HeartbeatExecutor-%d] [-] INFO  order-service-c.netflix.discovery.DiscoveryClient.renew - DiscoveryClient_ORDER-SERVICE/DESKTOP-VMQANPU.mshome.net:order-service:9021 - Re-registering apps/ORDER-SERVICE
21-04-2026 00:08:08.161 [DiscoveryClient-HeartbeatExecutor-%d] [-] INFO  order-service-c.netflix.discovery.DiscoveryClient.register - DiscoveryClient_ORDER-SERVICE/DESKTOP-VMQANPU.mshome.net:order-service:9021: registering service...
21-04-2026 00:08:08.419 [DiscoveryClient-HeartbeatExecutor-%d] [-] INFO  order-service-c.netflix.discovery.DiscoveryClient.register - DiscoveryClient_ORDER-SERVICE/DESKTOP-VMQANPU.mshome.net:order-service:9021 - registration status: 204
21-04-2026 00:08:37.652 [DiscoveryClient-CacheRefreshExecutor-%d] [-] INFO  order-service-c.netflix.discovery.DiscoveryClient.fetchRegistry - Disable delta property : false
21-04-2026 00:08:37.879 [DiscoveryClient-CacheRefreshExecutor-%d] [-] INFO  order-service-c.netflix.discovery.DiscoveryClient.fetchRegistry - Single vip registry refresh property : null
21-04-2026 00:08:37.904 [DiscoveryClient-CacheRefreshExecutor-%d] [-] INFO  order-service-c.netflix.discovery.DiscoveryClient.fetchRegistry - Force full registry fetch : false
21-04-2026 00:08:37.913 [DiscoveryClient-CacheRefreshExecutor-%d] [-] INFO  order-service-c.netflix.discovery.DiscoveryClient.fetchRegistry - Application is null : false
21-04-2026 00:08:37.913 [DiscoveryClient-CacheRefreshExecutor-%d] [-] INFO  order-service-c.netflix.discovery.DiscoveryClient.fetchRegistry - Registered Applications size is zero : true
21-04-2026 00:08:37.913 [DiscoveryClient-CacheRefreshExecutor-%d] [-] INFO  order-service-c.netflix.discovery.DiscoveryClient.fetchRegistry - Application version is -1: false
21-04-2026 00:08:37.922 [DiscoveryClient-CacheRefreshExecutor-%d] [-] INFO  order-service-c.netflix.discovery.DiscoveryClient.getAndStoreFullRegistry - Getting all instance registry info from the eureka server
21-04-2026 00:08:38.991 [DiscoveryClient-CacheRefreshExecutor-%d] [-] INFO  order-service-c.netflix.discovery.DiscoveryClient.getAndStoreFullRegistry - The response status is 200
21-04-2026 00:10:09.567 [DiscoveryClient-HeartbeatExecutor-%d] [-] INFO  order-service-c.netflix.discovery.DiscoveryClient.renew - DiscoveryClient_ORDER-SERVICE/DESKTOP-VMQANPU.mshome.net:order-service:9021 - Re-registering apps/ORDER-SERVICE
21-04-2026 00:10:09.568 [DiscoveryClient-HeartbeatExecutor-%d] [-] INFO  order-service-c.netflix.discovery.DiscoveryClient.register - DiscoveryClient_ORDER-SERVICE/DESKTOP-VMQANPU.mshome.net:order-service:9021: registering service...
21-04-2026 00:10:09.605 [DiscoveryClient-HeartbeatExecutor-%d] [-] INFO  order-service-c.netflix.discovery.DiscoveryClient.register - DiscoveryClient_ORDER-SERVICE/DESKTOP-VMQANPU.mshome.net:order-service:9021 - registration status: 204
21-04-2026 00:10:31.610 [AsyncResolver-bootstrap-executor-%d] [-] INFO  order-service-c.n.d.s.r.aws.ConfigClusterResolver.getClusterEndpoints - Resolving eureka endpoints via configuration
21-04-2026 00:10:39.117 [DiscoveryClient-CacheRefreshExecutor-%d] [-] INFO  order-service-c.netflix.discovery.DiscoveryClient.fetchRegistry - Disable delta property : false
21-04-2026 00:10:39.118 [DiscoveryClient-CacheRefreshExecutor-%d] [-] INFO  order-service-c.netflix.discovery.DiscoveryClient.fetchRegistry - Single vip registry refresh property : null
21-04-2026 00:10:39.118 [DiscoveryClient-CacheRefreshExecutor-%d] [-] INFO  order-service-c.netflix.discovery.DiscoveryClient.fetchRegistry - Force full registry fetch : false
21-04-2026 00:10:39.118 [DiscoveryClient-CacheRefreshExecutor-%d] [-] INFO  order-service-c.netflix.discovery.DiscoveryClient.fetchRegistry - Application is null : false
21-04-2026 00:10:39.119 [DiscoveryClient-CacheRefreshExecutor-%d] [-] INFO  order-service-c.netflix.discovery.DiscoveryClient.fetchRegistry - Registered Applications size is zero : true
21-04-2026 00:10:39.119 [DiscoveryClient-CacheRefreshExecutor-%d] [-] INFO  order-service-c.netflix.discovery.DiscoveryClient.fetchRegistry - Application version is -1: false
21-04-2026 00:10:39.120 [DiscoveryClient-CacheRefreshExecutor-%d] [-] INFO  order-service-c.netflix.discovery.DiscoveryClient.getAndStoreFullRegistry - Getting all instance registry info from the eureka server
21-04-2026 00:10:39.145 [DiscoveryClient-CacheRefreshExecutor-%d] [-] INFO  order-service-c.netflix.discovery.DiscoveryClient.getAndStoreFullRegistry - The response status is 200
21-04-2026 00:12:04.094 [SpringApplicationShutdownHook] [-] INFO  order-service-o.s.c.n.e.s.EurekaServiceRegistry.deregister - Unregistering application ORDER-SERVICE with eureka with status DOWN
21-04-2026 00:12:04.132 [SpringApplicationShutdownHook] [-] INFO  order-service-c.netflix.discovery.DiscoveryClient.notify - Saw local status change event StatusChangeEvent [timestamp=1776710524132, current=DOWN, previous=UP]
21-04-2026 00:12:04.170 [DiscoveryClient-InstanceInfoReplicator-%d] [-] INFO  order-service-c.netflix.discovery.DiscoveryClient.register - DiscoveryClient_ORDER-SERVICE/DESKTOP-VMQANPU.mshome.net:order-service:9021: registering service...
21-04-2026 00:12:04.240 [DiscoveryClient-InstanceInfoReplicator-%d] [-] INFO  order-service-c.netflix.discovery.DiscoveryClient.register - DiscoveryClient_ORDER-SERVICE/DESKTOP-VMQANPU.mshome.net:order-service:9021 - registration status: 204
21-04-2026 00:12:05.184 [SpringApplicationShutdownHook] [-] INFO  order-service-o.s.o.j.LocalContainerEntityManagerFactoryBean.destroy - Closing JPA EntityManagerFactory for persistence unit 'default'
21-04-2026 00:12:06.490 [SpringApplicationShutdownHook] [-] INFO  order-service-com.zaxxer.hikari.HikariDataSource.close - HikariPool-1 - Shutdown initiated...
21-04-2026 00:12:06.555 [SpringApplicationShutdownHook] [-] INFO  order-service-com.zaxxer.hikari.HikariDataSource.close - HikariPool-1 - Shutdown completed.
21-04-2026 00:12:07.279 [SpringApplicationShutdownHook] [-] INFO  order-service-c.netflix.discovery.DiscoveryClient.shutdown - Shutting down DiscoveryClient ...
21-04-2026 00:12:10.289 [SpringApplicationShutdownHook] [-] INFO  order-service-c.netflix.discovery.DiscoveryClient.unregister - Unregistering ...
21-04-2026 00:12:10.289 [DiscoveryClient-%d] [-] WARN  order-service-c.n.discovery.TimedSupervisorTask.run - task supervisor shutting down, can't accept the task
21-04-2026 00:12:10.306 [SpringApplicationShutdownHook] [-] INFO  order-service-c.netflix.discovery.DiscoveryClient.unregister - DiscoveryClient_ORDER-SERVICE/DESKTOP-VMQANPU.mshome.net:order-service:9021 - deregister  status: 200
21-04-2026 00:12:10.307 [SpringApplicationShutdownHook] [-] INFO  order-service-c.netflix.discovery.DiscoveryClient.shutdown - Completed shut down of DiscoveryClient
21-04-2026 00:12:17.702 [main] [-] INFO  order-service-c.c.e.o.OrderServiceApplication.logStarting - Starting OrderServiceApplication using Java 22.0.2 with PID 46268 (D:\Downloads\e_Commerce_57fbcb1148\eCommerce\order-service\target\classes started by Sushant Gargi in D:\Downloads\e_Commerce_57fbcb1148\eCommerce)
21-04-2026 00:12:17.706 [main] [-] INFO  order-service-c.c.e.o.OrderServiceApplication.logStartupProfileInfo - The following 1 profile is active: "dev"
21-04-2026 00:12:17.775 [main] [-] INFO  order-service-o.s.c.c.c.ConfigServerConfigDataLoader.logTo - Fetching config from server at : http://localhost:8888
21-04-2026 00:12:17.776 [main] [-] INFO  order-service-o.s.c.c.c.ConfigServerConfigDataLoader.logTo - Located environment: name=order-service, profiles=[default], label=null, version=606e7fa5d7e1f403a92f0a523fe0d4206b467318, state=null
21-04-2026 00:12:17.776 [main] [-] INFO  order-service-o.s.c.c.c.ConfigServerConfigDataLoader.logTo - Fetching config from server at : http://localhost:8888
21-04-2026 00:12:17.776 [main] [-] INFO  order-service-o.s.c.c.c.ConfigServerConfigDataLoader.logTo - Located environment: name=order-service, profiles=[dev], label=null, version=606e7fa5d7e1f403a92f0a523fe0d4206b467318, state=null
21-04-2026 00:12:19.506 [main] [-] INFO  order-service-o.s.d.r.c.RepositoryConfigurationDelegate.registerRepositoriesIn - Bootstrapping Spring Data JPA repositories in DEFAULT mode.
21-04-2026 00:12:19.703 [main] [-] INFO  order-service-o.s.d.r.c.RepositoryConfigurationDelegate.registerRepositoriesIn - Finished Spring Data repository scanning in 176 ms. Found 1 JPA repository interface.
21-04-2026 00:12:20.392 [main] [-] INFO  order-service-o.s.cloud.context.scope.GenericScope.setSerializationId - BeanFactory id=f16a2b4d-134b-38ef-827b-7983577ef917
21-04-2026 00:12:21.194 [main] [-] WARN  order-service-o.s.c.s.PostProcessorRegistrationDelegate$BeanPostProcessorChecker.postProcessAfterInitialization - Bean 'org.springframework.cloud.client.loadbalancer.LoadBalancerAutoConfiguration$DeferringLoadBalancerInterceptorConfig' of type [org.springframework.cloud.client.loadbalancer.LoadBalancerAutoConfiguration$DeferringLoadBalancerInterceptorConfig] is not eligible for getting processed by all BeanPostProcessors (for example: not eligible for auto-proxying). The currently created BeanPostProcessor [lbRestClientPostProcessor] is declared through a non-static factory method on that class; consider declaring it as static instead.
21-04-2026 00:12:21.208 [main] [-] WARN  order-service-o.s.c.s.PostProcessorRegistrationDelegate$BeanPostProcessorChecker.postProcessAfterInitialization - Bean 'deferringLoadBalancerInterceptor' of type [org.springframework.cloud.client.loadbalancer.DeferringLoadBalancerInterceptor] is not eligible for getting processed by all BeanPostProcessors (for example: not eligible for auto-proxying). Is this bean getting eagerly injected into a currently created BeanPostProcessor [lbRestClientPostProcessor]? Check the corresponding BeanPostProcessor declaration and its dependencies.
21-04-2026 00:12:22.120 [main] [-] INFO  order-service-o.s.b.w.e.tomcat.TomcatWebServer.initialize - Tomcat initialized with port 9021 (http)
21-04-2026 00:12:22.146 [main] [-] INFO  order-service-o.a.coyote.http11.Http11NioProtocol.log - Initializing ProtocolHandler ["http-nio-9021"]
21-04-2026 00:12:22.153 [main] [-] INFO  order-service-o.a.catalina.core.StandardService.log - Starting service [Tomcat]
21-04-2026 00:12:22.154 [main] [-] INFO  order-service-o.a.catalina.core.StandardEngine.log - Starting Servlet engine: [Apache Tomcat/10.1.30]
21-04-2026 00:12:22.372 [main] [-] INFO  order-service-o.a.c.c.C.[.[localhost].[/orders].log - Initializing Spring embedded WebApplicationContext
21-04-2026 00:12:22.373 [main] [-] INFO  order-service-o.s.b.w.s.c.ServletWebServerApplicationContext.prepareWebApplicationContext - Root WebApplicationContext: initialization completed in 4594 ms
21-04-2026 00:12:24.196 [main] [-] INFO  order-service-o.h.jpa.internal.util.LogHelper.logPersistenceUnitInformation - HHH000204: Processing PersistenceUnitInfo [name: default]
21-04-2026 00:12:24.331 [main] [-] INFO  order-service-org.hibernate.Version.logVersion - HHH000412: Hibernate ORM core version 6.5.3.Final
21-04-2026 00:12:24.387 [main] [-] INFO  order-service-o.h.c.i.RegionFactoryInitiator.initiateService - HHH000026: Second-level cache disabled
21-04-2026 00:12:25.512 [main] [-] INFO  order-service-o.s.o.j.p.SpringPersistenceUnitInfo.addTransformer - No LoadTimeWeaver setup: ignoring JPA class transformer
21-04-2026 00:12:25.660 [main] [-] INFO  order-service-com.zaxxer.hikari.HikariDataSource.getConnection - HikariPool-1 - Starting...
21-04-2026 00:12:25.999 [main] [-] INFO  order-service-com.zaxxer.hikari.pool.HikariPool.checkFailFast - HikariPool-1 - Added connection org.postgresql.jdbc.PgConnection@7e8f97dd
21-04-2026 00:12:26.002 [main] [-] INFO  order-service-com.zaxxer.hikari.HikariDataSource.getConnection - HikariPool-1 - Start completed.
21-04-2026 00:12:27.705 [main] [-] INFO  order-service-o.h.e.t.j.p.i.JtaPlatformInitiator.initiateService - HHH000489: No JTA platform available (set 'hibernate.transaction.jta.platform' to enable JTA platform integration)
21-04-2026 00:12:27.742 [main] [-] WARN  order-service-o.h.e.jdbc.spi.SqlExceptionHelper.logWarning - SQL Warning Code: 0, SQLState: 00000
21-04-2026 00:12:27.743 [main] [-] WARN  order-service-o.h.e.jdbc.spi.SqlExceptionHelper.logWarning - relation "order_item" does not exist, skipping
21-04-2026 00:12:27.749 [main] [-] WARN  order-service-o.h.e.jdbc.spi.SqlExceptionHelper.logWarning - SQL Warning Code: 0, SQLState: 00000
21-04-2026 00:12:27.750 [main] [-] WARN  order-service-o.h.e.jdbc.spi.SqlExceptionHelper.logWarning - table "order_item" does not exist, skipping
21-04-2026 00:12:27.760 [main] [-] WARN  order-service-o.h.e.jdbc.spi.SqlExceptionHelper.logWarning - SQL Warning Code: 0, SQLState: 00000
21-04-2026 00:12:27.761 [main] [-] WARN  order-service-o.h.e.jdbc.spi.SqlExceptionHelper.logWarning - table "orders" does not exist, skipping
21-04-2026 00:12:28.755 [main] [-] INFO  order-service-o.s.o.j.LocalContainerEntityManagerFactoryBean.buildNativeEntityManagerFactory - Initialized JPA EntityManagerFactory for persistence unit 'default'
21-04-2026 00:12:29.825 [main] [-] WARN  order-service-o.s.b.a.o.j.JpaBaseConfiguration$JpaWebConfiguration.openEntityManagerInViewInterceptor - spring.jpa.open-in-view is enabled by default. Therefore, database queries may be performed during view rendering. Explicitly configure spring.jpa.open-in-view to disable this warning
21-04-2026 00:12:30.167 [main] [-] INFO  order-service-o.s.c.o.FeignClientFactoryBean.getTarget - For 'inventory-service' URL not provided. Will try picking an instance via load-balancing.
21-04-2026 00:12:30.328 [main] [-] INFO  order-service-o.s.c.o.FeignClientFactoryBean.getTarget - For 'shipping-service' URL not provided. Will try picking an instance via load-balancing.
21-04-2026 00:12:32.983 [main] [-] INFO  order-service-o.s.c.n.e.c.DiscoveryClientOptionalArgsConfiguration.restTemplateDiscoveryClientOptionalArgs - Eureka HTTP Client uses RestTemplate.
21-04-2026 00:12:33.063 [main] [-] WARN  order-service-o.s.c.l.c.LoadBalancerCacheAutoConfiguration$LoadBalancerCaffeineWarnLogger.afterPropertiesSet - Spring Cloud LoadBalancer is currently working with the default cache. While this cache implementation is useful for development and tests, it's recommended to use Caffeine cache in production.You can switch to using Caffeine cache, by adding it and org.springframework.cache.caffeine.CaffeineCacheManager to the classpath.
21-04-2026 00:12:33.107 [main] [-] INFO  order-service-o.s.b.a.e.web.EndpointLinksResolver.<init> - Exposing 25 endpoints beneath base path '/actuator'
21-04-2026 00:12:33.263 [main] [-] INFO  order-service-o.s.c.n.eureka.InstanceInfoFactory.create - Setting initial instance status as: STARTING
21-04-2026 00:12:33.297 [main] [-] INFO  order-service-c.netflix.discovery.DiscoveryClient.<init> - Initializing Eureka in region us-east-1
21-04-2026 00:12:33.303 [main] [-] INFO  order-service-c.n.d.s.r.aws.ConfigClusterResolver.getClusterEndpoints - Resolving eureka endpoints via configuration
21-04-2026 00:12:33.316 [main] [-] INFO  order-service-c.netflix.discovery.DiscoveryClient.fetchRegistry - Disable delta property : false
21-04-2026 00:12:33.317 [main] [-] INFO  order-service-c.netflix.discovery.DiscoveryClient.fetchRegistry - Single vip registry refresh property : null
21-04-2026 00:12:33.317 [main] [-] INFO  order-service-c.netflix.discovery.DiscoveryClient.fetchRegistry - Force full registry fetch : false
21-04-2026 00:12:33.317 [main] [-] INFO  order-service-c.netflix.discovery.DiscoveryClient.fetchRegistry - Application is null : false
21-04-2026 00:12:33.317 [main] [-] INFO  order-service-c.netflix.discovery.DiscoveryClient.fetchRegistry - Registered Applications size is zero : true
21-04-2026 00:12:33.318 [main] [-] INFO  order-service-c.netflix.discovery.DiscoveryClient.fetchRegistry - Application version is -1: true
21-04-2026 00:12:33.318 [main] [-] INFO  order-service-c.netflix.discovery.DiscoveryClient.getAndStoreFullRegistry - Getting all instance registry info from the eureka server
21-04-2026 00:12:33.549 [main] [-] INFO  order-service-c.netflix.discovery.DiscoveryClient.getAndStoreFullRegistry - The response status is 200
21-04-2026 00:12:33.555 [main] [-] INFO  order-service-c.netflix.discovery.DiscoveryClient.initScheduledTasks - Starting heartbeat executor: renew interval is: 30
21-04-2026 00:12:33.559 [main] [-] INFO  order-service-c.n.discovery.InstanceInfoReplicator.<init> - InstanceInfoReplicator onDemand update allowed rate per min is 4
21-04-2026 00:12:33.561 [main] [-] INFO  order-service-c.netflix.discovery.DiscoveryClient.<init> - Discovery Client initialized at timestamp 1776710553561 with initial instances count: 4
21-04-2026 00:12:33.583 [main] [-] INFO  order-service-o.s.c.n.e.s.EurekaServiceRegistry.register - Registering application ORDER-SERVICE with eureka with status UP
21-04-2026 00:12:33.584 [main] [-] INFO  order-service-c.netflix.discovery.DiscoveryClient.notify - Saw local status change event StatusChangeEvent [timestamp=1776710553584, current=UP, previous=STARTING]
21-04-2026 00:12:33.585 [DiscoveryClient-InstanceInfoReplicator-%d] [-] INFO  order-service-c.netflix.discovery.DiscoveryClient.register - DiscoveryClient_ORDER-SERVICE/DESKTOP-VMQANPU.mshome.net:order-service:9021: registering service...
21-04-2026 00:12:33.586 [main] [-] INFO  order-service-o.a.coyote.http11.Http11NioProtocol.log - Starting ProtocolHandler ["http-nio-9021"]
21-04-2026 00:12:33.616 [main] [-] INFO  order-service-o.s.b.w.e.tomcat.TomcatWebServer.start - Tomcat started on port 9021 (http) with context path '/orders'
21-04-2026 00:12:33.618 [main] [-] INFO  order-service-o.s.c.n.e.s.EurekaAutoServiceRegistration.onApplicationEvent - Updating port to 9021
21-04-2026 00:12:33.676 [DiscoveryClient-InstanceInfoReplicator-%d] [-] INFO  order-service-c.netflix.discovery.DiscoveryClient.register - DiscoveryClient_ORDER-SERVICE/DESKTOP-VMQANPU.mshome.net:order-service:9021 - registration status: 204
21-04-2026 00:12:33.695 [main] [-] INFO  order-service-c.c.e.o.OrderServiceApplication.logStarted - Started OrderServiceApplication in 19.699 seconds (process running for 20.524)
21-04-2026 00:17:33.347 [AsyncResolver-bootstrap-executor-%d] [-] INFO  order-service-c.n.d.s.r.aws.ConfigClusterResolver.getClusterEndpoints - Resolving eureka endpoints via configuration
21-04-2026 00:18:07.857 [http-nio-9021-exec-1] [-] INFO  order-service-o.a.c.c.C.[.[localhost].[/orders].log - Initializing Spring DispatcherServlet 'dispatcherServlet'
21-04-2026 00:18:07.876 [http-nio-9021-exec-1] [-] INFO  order-service-o.s.web.servlet.DispatcherServlet.initServletBean - Initializing Servlet 'dispatcherServlet'
21-04-2026 00:18:08.737 [http-nio-9021-exec-1] [-] INFO  order-service-o.s.web.servlet.DispatcherServlet.initServletBean - Completed initialization in 852 ms
21-04-2026 00:18:29.336 [http-nio-9021-exec-2] [69e674fd699c18088a6bfcb16512ec4d-02135a7de56bd554] INFO  order-service-c.c.e.o.controller.OrdersController.getAllOrders - Fetching all orders via controller
21-04-2026 00:18:29.362 [http-nio-9021-exec-2] [69e674fd699c18088a6bfcb16512ec4d-02135a7de56bd554] INFO  order-service-c.c.e.o.service.OrdersService.getAllOrders - Fetching all orders
21-04-2026 00:19:44.261 [http-nio-9021-exec-4] [69e6754732ddc8e16e3474b448c7897a-11e194b34334c286] INFO  order-service-c.c.e.o.service.OrdersService.createOrder - Calling the createOrder method
21-04-2026 00:19:55.791 [http-nio-9021-exec-4] [69e6754732ddc8e16e3474b448c7897a-11e194b34334c286] INFO  order-service-c.c.e.o.service.OrdersService.createOrder - Shipping response: Order shipped successfully for order id: 1
21-04-2026 00:22:33.489 [AsyncResolver-bootstrap-executor-%d] [-] INFO  order-service-c.n.d.s.r.aws.ConfigClusterResolver.getClusterEndpoints - Resolving eureka endpoints via configuration
21-04-2026 00:25:09.503 [http-nio-9021-exec-6] [69e6768d99c2d7e6805af61c86d15c61-9695ad7a5c535ab0] INFO  order-service-c.c.e.o.service.OrdersService.createOrder - Calling the createOrder method
21-04-2026 00:25:11.512 [http-nio-9021-exec-6] [69e6768d99c2d7e6805af61c86d15c61-9695ad7a5c535ab0] INFO  order-service-c.c.e.o.service.OrdersService.createOrder - Shipping response: Order shipped successfully for order id: 2
21-04-2026 00:26:25.733 [http-nio-9021-exec-8] [69e676d9405a73910111a80de1756976-5c2e0aa078722887] INFO  order-service-c.c.e.o.service.OrdersService.createOrder - Calling the createOrder method
21-04-2026 00:26:27.747 [http-nio-9021-exec-8] [69e676d9405a73910111a80de1756976-5c2e0aa078722887] ERROR order-service-c.c.e.o.service.OrdersService.createOrderFallback - Fallback occurred due to : [500] during [PUT] to [http://inventory-service/inventory/products/reduce-stocks] [InventoryOpenFeignClient#reduceStocks(OrderRequestDto)]: [{"timestamp":"2026-04-20T18:56:27.078+00:00","status":500,"error":"Internal Server Error","path":"/inventory/products/reduce-stocks"}]
21-04-2026 00:26:58.559 [http-nio-9021-exec-9] [69e676fa70e50178dcf8b4c8567d4d5a-d16480027c73400b] INFO  order-service-c.c.e.o.controller.OrdersController.getAllOrders - Fetching all orders via controller
21-04-2026 00:26:58.562 [http-nio-9021-exec-9] [69e676fa70e50178dcf8b4c8567d4d5a-d16480027c73400b] INFO  order-service-c.c.e.o.service.OrdersService.getAllOrders - Fetching all orders
21-04-2026 00:27:09.487 [http-nio-9021-exec-10] [69e67705a6eeed94eab6036691fc04cb-8da07f7c9fc97b13] INFO  order-service-c.c.e.o.controller.OrdersController.getOrderById - Fetching order with ID: 1 via controller
21-04-2026 00:27:09.494 [http-nio-9021-exec-10] [69e67705a6eeed94eab6036691fc04cb-8da07f7c9fc97b13] INFO  order-service-c.c.e.o.service.OrdersService.getOrderById - Fetching order with ID: 1
21-04-2026 00:27:20.287 [http-nio-9021-exec-1] [69e67710c47ac2dad93504f6b3a58c07-dc8b19cb278b06f0] INFO  order-service-c.c.e.o.controller.OrdersController.getOrderById - Fetching order with ID: 999 via controller
21-04-2026 00:27:20.292 [http-nio-9021-exec-1] [69e67710c47ac2dad93504f6b3a58c07-dc8b19cb278b06f0] INFO  order-service-c.c.e.o.service.OrdersService.getOrderById - Fetching order with ID: 999
21-04-2026 00:27:20.400 [http-nio-9021-exec-1] [-] ERROR order-service-o.a.c.c.C.[.[.[.[dispatcherServlet].log - Servlet.service() for servlet [dispatcherServlet] in context with path [/orders] threw exception [Request processing failed: java.lang.RuntimeException: Order not found] with root cause
java.lang.RuntimeException: Order not found
	at com.codingshuttle.ecommerce.order_service.service.OrdersService.lambda$getOrderById$1(OrdersService.java:39)
	at java.base/java.util.Optional.orElseThrow(Optional.java:403)
	at com.codingshuttle.ecommerce.order_service.service.OrdersService.getOrderById(OrdersService.java:39)
	at java.base/jdk.internal.reflect.DirectMethodHandleAccessor.invoke(DirectMethodHandleAccessor.java:103)
	at java.base/java.lang.reflect.Method.invoke(Method.java:580)
	at org.springframework.aop.support.AopUtils.invokeJoinpointUsingReflection(AopUtils.java:355)
	at org.springframework.aop.framework.ReflectiveMethodInvocation.invokeJoinpoint(ReflectiveMethodInvocation.java:196)
	at org.springframework.aop.framework.ReflectiveMethodInvocation.proceed(ReflectiveMethodInvocation.java:163)
	at org.springframework.aop.framework.CglibAopProxy$CglibMethodInvocation.proceed(CglibAopProxy.java:768)
	at org.springframework.aop.interceptor.ExposeInvocationInterceptor.invoke(ExposeInvocationInterceptor.java:97)
	at org.springframework.aop.framework.ReflectiveMethodInvocation.proceed(ReflectiveMethodInvocation.java:184)
	at org.springframework.aop.framework.CglibAopProxy$CglibMethodInvocation.proceed(CglibAopProxy.java:768)
	at org.springframework.aop.framework.CglibAopProxy$DynamicAdvisedInterceptor.intercept(CglibAopProxy.java:720)
	at com.codingshuttle.ecommerce.order_service.service.OrdersService$$SpringCGLIB$$0.getOrderById(<generated>)
	at com.codingshuttle.ecommerce.order_service.controller.OrdersController.getOrderById(OrdersController.java:57)
	at java.base/jdk.internal.reflect.DirectMethodHandleAccessor.invoke(DirectMethodHandleAccessor.java:103)
	at java.base/java.lang.reflect.Method.invoke(Method.java:580)
	at org.springframework.util.ReflectionUtils.invokeMethod(ReflectionUtils.java:281)
	at org.springframework.cloud.context.scope.GenericScope$LockedScopedProxyFactoryBean.invoke(GenericScope.java:482)
	at org.springframework.aop.framework.ReflectiveMethodInvocation.proceed(ReflectiveMethodInvocation.java:184)
	at org.springframework.aop.framework.CglibAopProxy$CglibMethodInvocation.proceed(CglibAopProxy.java:768)
	at org.springframework.aop.framework.CglibAopProxy$DynamicAdvisedInterceptor.intercept(CglibAopProxy.java:720)
	at com.codingshuttle.ecommerce.order_service.controller.OrdersController$$SpringCGLIB$$0.getOrderById(<generated>)
	at java.base/jdk.internal.reflect.DirectMethodHandleAccessor.invoke(DirectMethodHandleAccessor.java:103)
	at java.base/java.lang.reflect.Method.invoke(Method.java:580)
	at org.springframework.web.method.support.InvocableHandlerMethod.doInvoke(InvocableHandlerMethod.java:255)
	at org.springframework.web.method.support.InvocableHandlerMethod.invokeForRequest(InvocableHandlerMethod.java:188)
	at org.springframework.web.servlet.mvc.method.annotation.ServletInvocableHandlerMethod.invokeAndHandle(ServletInvocableHandlerMethod.java:118)
	at org.springframework.web.servlet.mvc.method.annotation.RequestMappingHandlerAdapter.invokeHandlerMethod(RequestMappingHandlerAdapter.java:926)
	at org.springframework.web.servlet.mvc.method.annotation.RequestMappingHandlerAdapter.handleInternal(RequestMappingHandlerAdapter.java:831)
	at org.springframework.web.servlet.mvc.method.AbstractHandlerMethodAdapter.handle(AbstractHandlerMethodAdapter.java:87)
	at org.springframework.web.servlet.DispatcherServlet.doDispatch(DispatcherServlet.java:1089)
	at org.springframework.web.servlet.DispatcherServlet.doService(DispatcherServlet.java:979)
	at org.springframework.web.servlet.FrameworkServlet.processRequest(FrameworkServlet.java:1014)
	at org.springframework.web.servlet.FrameworkServlet.doGet(FrameworkServlet.java:903)
	at jakarta.servlet.http.HttpServlet.service(HttpServlet.java:564)
	at org.springframework.web.servlet.FrameworkServlet.service(FrameworkServlet.java:885)
	at jakarta.servlet.http.HttpServlet.service(HttpServlet.java:658)
	at org.apache.catalina.core.ApplicationFilterChain.internalDoFilter(ApplicationFilterChain.java:195)
	at org.apache.catalina.core.ApplicationFilterChain.doFilter(ApplicationFilterChain.java:140)
	at org.apache.tomcat.websocket.server.WsFilter.doFilter(WsFilter.java:51)
	at org.apache.catalina.core.ApplicationFilterChain.internalDoFilter(ApplicationFilterChain.java:164)
	at org.apache.catalina.core.ApplicationFilterChain.doFilter(ApplicationFilterChain.java:140)
	at org.springframework.web.filter.RequestContextFilter.doFilterInternal(RequestContextFilter.java:100)
	at org.springframework.web.filter.OncePerRequestFilter.doFilter(OncePerRequestFilter.java:116)
	at org.apache.catalina.core.ApplicationFilterChain.internalDoFilter(ApplicationFilterChain.java:164)
	at org.apache.catalina.core.ApplicationFilterChain.doFilter(ApplicationFilterChain.java:140)
	at org.springframework.web.filter.FormContentFilter.doFilterInternal(FormContentFilter.java:93)
	at org.springframework.web.filter.OncePerRequestFilter.doFilter(OncePerRequestFilter.java:116)
	at org.apache.catalina.core.ApplicationFilterChain.internalDoFilter(ApplicationFilterChain.java:164)
	at org.apache.catalina.core.ApplicationFilterChain.doFilter(ApplicationFilterChain.java:140)
	at org.springframework.web.filter.ServerHttpObservationFilter.doFilterInternal(ServerHttpObservationFilter.java:113)
	at org.springframework.web.filter.OncePerRequestFilter.doFilter(OncePerRequestFilter.java:116)
	at org.apache.catalina.core.ApplicationFilterChain.internalDoFilter(ApplicationFilterChain.java:164)
	at org.apache.catalina.core.ApplicationFilterChain.doFilter(ApplicationFilterChain.java:140)
	at org.springframework.web.filter.CharacterEncodingFilter.doFilterInternal(CharacterEncodingFilter.java:201)
	at org.springframework.web.filter.OncePerRequestFilter.doFilter(OncePerRequestFilter.java:116)
	at org.apache.catalina.core.ApplicationFilterChain.internalDoFilter(ApplicationFilterChain.java:164)
	at org.apache.catalina.core.ApplicationFilterChain.doFilter(ApplicationFilterChain.java:140)
	at org.apache.catalina.core.StandardWrapperValve.invoke(StandardWrapperValve.java:167)
	at org.apache.catalina.core.StandardContextValve.invoke(StandardContextValve.java:90)
	at org.apache.catalina.authenticator.AuthenticatorBase.invoke(AuthenticatorBase.java:483)
	at org.apache.catalina.core.StandardHostValve.invoke(StandardHostValve.java:115)
	at org.apache.catalina.valves.ErrorReportValve.invoke(ErrorReportValve.java:93)
	at org.apache.catalina.core.StandardEngineValve.invoke(StandardEngineValve.java:74)
	at org.apache.catalina.connector.CoyoteAdapter.service(CoyoteAdapter.java:344)
	at org.apache.coyote.http11.Http11Processor.service(Http11Processor.java:384)
	at org.apache.coyote.AbstractProcessorLight.process(AbstractProcessorLight.java:63)
	at org.apache.coyote.AbstractProtocol$ConnectionHandler.process(AbstractProtocol.java:905)
	at org.apache.tomcat.util.net.NioEndpoint$SocketProcessor.doRun(NioEndpoint.java:1741)
	at org.apache.tomcat.util.net.SocketProcessorBase.run(SocketProcessorBase.java:52)
	at org.apache.tomcat.util.threads.ThreadPoolExecutor.runWorker(ThreadPoolExecutor.java:1190)
	at org.apache.tomcat.util.threads.ThreadPoolExecutor$Worker.run(ThreadPoolExecutor.java:659)
	at org.apache.tomcat.util.threads.TaskThread$WrappingRunnable.run(TaskThread.java:63)
	at java.base/java.lang.Thread.run(Thread.java:1570)
21-04-2026 00:27:33.513 [AsyncResolver-bootstrap-executor-%d] [-] INFO  order-service-c.n.d.s.r.aws.ConfigClusterResolver.getClusterEndpoints - Resolving eureka endpoints via configuration
21-04-2026 00:28:05.585 [http-nio-9021-exec-2] [69e6773d11fccfaf069060706d7c7486-d80f922cf94d7a7d] INFO  order-service-c.c.e.o.service.OrdersService.createOrder - Calling the createOrder method
21-04-2026 00:28:05.775 [http-nio-9021-exec-2] [69e6773d11fccfaf069060706d7c7486-d80f922cf94d7a7d] INFO  order-service-c.c.e.o.service.OrdersService.createOrder - Shipping response: Order shipped successfully for order id: 3
21-04-2026 00:32:33.532 [AsyncResolver-bootstrap-executor-%d] [-] INFO  order-service-c.n.d.s.r.aws.ConfigClusterResolver.getClusterEndpoints - Resolving eureka endpoints via configuration
21-04-2026 00:37:33.722 [AsyncResolver-bootstrap-executor-%d] [-] INFO  order-service-c.n.d.s.r.aws.ConfigClusterResolver.getClusterEndpoints - Resolving eureka endpoints via configuration
21-04-2026 00:38:39.883 [http-nio-9021-exec-4] [69e679b65cde994da95bd40b35a176c9-678383cb5dbd0eae] INFO  order-service-c.c.e.o.service.OrdersService.createOrder - Calling the createOrder method
21-04-2026 00:38:44.369 [http-nio-9021-exec-4] [69e679b65cde994da95bd40b35a176c9-678383cb5dbd0eae] INFO  order-service-c.c.e.o.service.OrdersService.createOrder - Shipping response: Order shipped successfully for order id: 4
21-04-2026 00:40:51.094 [http-nio-9021-exec-6] [69e67a39e22d8e1d87faf855920ee62f-86c218863103acc4] INFO  order-service-c.c.e.o.service.OrdersService.createOrder - Calling the createOrder method
21-04-2026 00:40:55.468 [http-nio-9021-exec-6] [69e67a39e22d8e1d87faf855920ee62f-86c218863103acc4] INFO  order-service-c.c.e.o.service.OrdersService.createOrder - Shipping response: Order shipped successfully for order id: 5
21-04-2026 00:42:34.138 [AsyncResolver-bootstrap-executor-%d] [-] INFO  order-service-c.n.d.s.r.aws.ConfigClusterResolver.getClusterEndpoints - Resolving eureka endpoints via configuration
21-04-2026 00:43:08.321 [DiscoveryClient-HeartbeatExecutor-%d] [-] INFO  order-service-c.n.d.s.t.d.RedirectingEurekaHttpClient.execute - Request execution error. endpoint=DefaultEndpoint{ serviceUrl='http://localhost:8761/eureka/} exception=I/O error on PUT request for "http://localhost:8761/eureka/apps/ORDER-SERVICE/DESKTOP-VMQANPU.mshome.net:order-service:9021": Connect to http://localhost:8761 [localhost/127.0.0.1, localhost/0:0:0:0:0:0:0:1] failed: Connection refused: getsockopt stacktrace=org.springframework.web.client.ResourceAccessException: I/O error on PUT request for "http://localhost:8761/eureka/apps/ORDER-SERVICE/DESKTOP-VMQANPU.mshome.net:order-service:9021": Connect to http://localhost:8761 [localhost/127.0.0.1, localhost/0:0:0:0:0:0:0:1] failed: Connection refused: getsockopt
	at org.springframework.web.client.RestTemplate.createResourceAccessException(RestTemplate.java:915)
	at org.springframework.web.client.RestTemplate.doExecute(RestTemplate.java:895)
	at org.springframework.web.client.RestTemplate.execute(RestTemplate.java:790)
	at org.springframework.web.client.RestTemplate.exchange(RestTemplate.java:672)
	at org.springframework.cloud.netflix.eureka.http.RestTemplateEurekaHttpClient.sendHeartBeat(RestTemplateEurekaHttpClient.java:99)
	at com.netflix.discovery.shared.transport.decorator.EurekaHttpClientDecorator$3.execute(EurekaHttpClientDecorator.java:92)
	at com.netflix.discovery.shared.transport.decorator.RedirectingEurekaHttpClient.execute(RedirectingEurekaHttpClient.java:91)
	at com.netflix.discovery.shared.transport.decorator.EurekaHttpClientDecorator.sendHeartBeat(EurekaHttpClientDecorator.java:89)
	at com.netflix.discovery.shared.transport.decorator.EurekaHttpClientDecorator$3.execute(EurekaHttpClientDecorator.java:92)
	at com.netflix.discovery.shared.transport.decorator.RetryableEurekaHttpClient.execute(RetryableEurekaHttpClient.java:120)
	at com.netflix.discovery.shared.transport.decorator.EurekaHttpClientDecorator.sendHeartBeat(EurekaHttpClientDecorator.java:89)
	at com.netflix.discovery.shared.transport.decorator.EurekaHttpClientDecorator$3.execute(EurekaHttpClientDecorator.java:92)
	at com.netflix.discovery.shared.transport.decorator.SessionedEurekaHttpClient.execute(SessionedEurekaHttpClient.java:76)
	at com.netflix.discovery.shared.transport.decorator.EurekaHttpClientDecorator.sendHeartBeat(EurekaHttpClientDecorator.java:89)
	at com.netflix.discovery.DiscoveryClient.renew(DiscoveryClient.java:845)
	at com.netflix.discovery.DiscoveryClient$HeartbeatThread.run(DiscoveryClient.java:1402)
	at java.base/java.util.concurrent.Executors$RunnableAdapter.call(Executors.java:572)
	at java.base/java.util.concurrent.FutureTask.run(FutureTask.java:317)
	at java.base/java.util.concurrent.ThreadPoolExecutor.runWorker(ThreadPoolExecutor.java:1144)
	at java.base/java.util.concurrent.ThreadPoolExecutor$Worker.run(ThreadPoolExecutor.java:642)
	at java.base/java.lang.Thread.run(Thread.java:1570)
Caused by: org.apache.hc.client5.http.HttpHostConnectException: Connect to http://localhost:8761 [localhost/127.0.0.1, localhost/0:0:0:0:0:0:0:1] failed: Connection refused: getsockopt
	at java.base/sun.nio.ch.Net.pollConnect(Native Method)
	at java.base/sun.nio.ch.Net.pollConnectNow(Net.java:682)
	at java.base/sun.nio.ch.NioSocketImpl.timedFinishConnect(NioSocketImpl.java:542)
	at java.base/sun.nio.ch.NioSocketImpl.connect(NioSocketImpl.java:592)
	at java.base/java.net.SocksSocketImpl.connect(SocksSocketImpl.java:327)
	at java.base/java.net.Socket.connect(Socket.java:752)
	at org.apache.hc.client5.http.socket.PlainConnectionSocketFactory.lambda$connectSocket$0(PlainConnectionSocketFactory.java:91)
	at java.base/java.security.AccessController.doPrivileged(AccessController.java:571)
	at org.apache.hc.client5.http.socket.PlainConnectionSocketFactory.connectSocket(PlainConnectionSocketFactory.java:90)
	at org.apache.hc.client5.http.socket.ConnectionSocketFactory.connectSocket(ConnectionSocketFactory.java:123)
	at org.apache.hc.client5.http.impl.io.DefaultHttpClientConnectionOperator.connect(DefaultHttpClientConnectionOperator.java:189)
	at org.apache.hc.client5.http.impl.io.PoolingHttpClientConnectionManager.connect(PoolingHttpClientConnectionManager.java:450)
	at org.apache.hc.client5.http.impl.classic.InternalExecRuntime.connectEndpoint(InternalExecRuntime.java:162)
	at org.apache.hc.client5.http.impl.classic.InternalExecRuntime.connectEndpoint(InternalExecRuntime.java:172)
	at org.apache.hc.client5.http.impl.classic.ConnectExec.execute(ConnectExec.java:142)
	at org.apache.hc.client5.http.impl.classic.ExecChainElement.execute(ExecChainElement.java:51)
	at org.apache.hc.client5.http.impl.classic.ProtocolExec.execute(ProtocolExec.java:192)
	at org.apache.hc.client5.http.impl.classic.ExecChainElement.execute(ExecChainElement.java:51)
	at org.apache.hc.client5.http.impl.classic.HttpRequestRetryExec.execute(HttpRequestRetryExec.java:113)
	at org.apache.hc.client5.http.impl.classic.ExecChainElement.execute(ExecChainElement.java:51)
	at org.apache.hc.client5.http.impl.classic.ContentCompressionExec.execute(ContentCompressionExec.java:152)
	at org.apache.hc.client5.http.impl.classic.ExecChainElement.execute(ExecChainElement.java:51)
	at org.apache.hc.client5.http.impl.classic.RedirectExec.execute(RedirectExec.java:116)
	at org.apache.hc.client5.http.impl.classic.ExecChainElement.execute(ExecChainElement.java:51)
	at org.apache.hc.client5.http.impl.classic.InternalHttpClient.doExecute(InternalHttpClient.java:170)
	at org.apache.hc.client5.http.impl.classic.CloseableHttpClient.execute(CloseableHttpClient.java:87)
	at org.apache.hc.client5.http.impl.classic.CloseableHttpClient.execute(CloseableHttpClient.java:55)
	at org.apache.hc.client5.http.classic.HttpClient.executeOpen(HttpClient.java:183)
	at org.springframework.http.client.HttpComponentsClientHttpRequest.executeInternal(HttpComponentsClientHttpRequest.java:99)
	at org.springframework.http.client.AbstractStreamingClientHttpRequest.executeInternal(AbstractStreamingClientHttpRequest.java:70)
	at org.springframework.http.client.AbstractClientHttpRequest.execute(AbstractClientHttpRequest.java:66)
	at org.springframework.http.client.InterceptingClientHttpRequest$InterceptingRequestExecution.execute(InterceptingClientHttpRequest.java:112)
	at org.springframework.cloud.netflix.eureka.http.RestTemplateTransportClientFactory.lambda$restTemplate$3(RestTemplateTransportClientFactory.java:170)
	at org.springframework.http.client.InterceptingClientHttpRequest$InterceptingRequestExecution.execute(InterceptingClientHttpRequest.java:88)
	at org.springframework.http.client.InterceptingClientHttpRequest.executeInternal(InterceptingClientHttpRequest.java:72)
	at org.springframework.http.client.AbstractBufferingClientHttpRequest.executeInternal(AbstractBufferingClientHttpRequest.java:48)
	at org.springframework.http.client.AbstractClientHttpRequest.execute(AbstractClientHttpRequest.java:66)
	at org.springframework.web.client.RestTemplate.doExecute(RestTemplate.java:889)
	... 19 more

21-04-2026 00:43:08.328 [DiscoveryClient-HeartbeatExecutor-%d] [-] WARN  order-service-c.n.d.s.t.d.RetryableEurekaHttpClient.execute - Request execution failed with message: I/O error on PUT request for "http://localhost:8761/eureka/apps/ORDER-SERVICE/DESKTOP-VMQANPU.mshome.net:order-service:9021": Connect to http://localhost:8761 [localhost/127.0.0.1, localhost/0:0:0:0:0:0:0:1] failed: Connection refused: getsockopt
21-04-2026 00:43:08.797 [DiscoveryClient-HeartbeatExecutor-%d] [-] INFO  order-service-c.n.d.s.t.d.RetryableEurekaHttpClient.execute - Request execution succeeded on retry #1
21-04-2026 00:43:08.798 [DiscoveryClient-HeartbeatExecutor-%d] [-] INFO  order-service-c.netflix.discovery.DiscoveryClient.renew - DiscoveryClient_ORDER-SERVICE/DESKTOP-VMQANPU.mshome.net:order-service:9021 - Re-registering apps/ORDER-SERVICE
21-04-2026 00:43:08.798 [DiscoveryClient-HeartbeatExecutor-%d] [-] INFO  order-service-c.netflix.discovery.DiscoveryClient.register - DiscoveryClient_ORDER-SERVICE/DESKTOP-VMQANPU.mshome.net:order-service:9021: registering service...
21-04-2026 00:43:08.912 [DiscoveryClient-HeartbeatExecutor-%d] [-] INFO  order-service-c.netflix.discovery.DiscoveryClient.register - DiscoveryClient_ORDER-SERVICE/DESKTOP-VMQANPU.mshome.net:order-service:9021 - registration status: 204
21-04-2026 00:43:38.482 [DiscoveryClient-CacheRefreshExecutor-%d] [-] INFO  order-service-c.netflix.discovery.DiscoveryClient.fetchRegistry - Disable delta property : false
21-04-2026 00:43:38.488 [DiscoveryClient-CacheRefreshExecutor-%d] [-] INFO  order-service-c.netflix.discovery.DiscoveryClient.fetchRegistry - Single vip registry refresh property : null
21-04-2026 00:43:38.489 [DiscoveryClient-CacheRefreshExecutor-%d] [-] INFO  order-service-c.netflix.discovery.DiscoveryClient.fetchRegistry - Force full registry fetch : false
21-04-2026 00:43:38.489 [DiscoveryClient-CacheRefreshExecutor-%d] [-] INFO  order-service-c.netflix.discovery.DiscoveryClient.fetchRegistry - Application is null : false
21-04-2026 00:43:38.489 [DiscoveryClient-CacheRefreshExecutor-%d] [-] INFO  order-service-c.netflix.discovery.DiscoveryClient.fetchRegistry - Registered Applications size is zero : true
21-04-2026 00:43:38.490 [DiscoveryClient-CacheRefreshExecutor-%d] [-] INFO  order-service-c.netflix.discovery.DiscoveryClient.fetchRegistry - Application version is -1: false
21-04-2026 00:43:38.490 [DiscoveryClient-CacheRefreshExecutor-%d] [-] INFO  order-service-c.netflix.discovery.DiscoveryClient.getAndStoreFullRegistry - Getting all instance registry info from the eureka server
21-04-2026 00:43:38.514 [DiscoveryClient-CacheRefreshExecutor-%d] [-] INFO  order-service-c.netflix.discovery.DiscoveryClient.getAndStoreFullRegistry - The response status is 200
21-04-2026 00:45:03.534 [http-nio-9021-exec-8] [69e67b36335246a786f926683ba15ddf-15b8103de03943a9] INFO  order-service-c.c.e.o.service.OrdersService.createOrder - Calling the createOrder method
21-04-2026 00:45:06.843 [http-nio-9021-exec-8] [69e67b36335246a786f926683ba15ddf-15b8103de03943a9] INFO  order-service-c.c.e.o.service.OrdersService.createOrder - Shipping response: Order shipped successfully for order id: 6
21-04-2026 00:47:34.339 [AsyncResolver-bootstrap-executor-%d] [-] INFO  order-service-c.n.d.s.r.aws.ConfigClusterResolver.getClusterEndpoints - Resolving eureka endpoints via configuration
21-04-2026 00:52:34.723 [AsyncResolver-bootstrap-executor-%d] [-] INFO  order-service-c.n.d.s.r.aws.ConfigClusterResolver.getClusterEndpoints - Resolving eureka endpoints via configuration
21-04-2026 00:57:34.730 [AsyncResolver-bootstrap-executor-%d] [-] INFO  order-service-c.n.d.s.r.aws.ConfigClusterResolver.getClusterEndpoints - Resolving eureka endpoints via configuration
