25-04-2026 15:01:54.899 [background-preinit] [-] INFO  api-gateway-o.h.validator.internal.util.Version.<clinit> - HV000001: Hibernate Validator 8.0.1.Final
25-04-2026 15:01:55.237 [main] [-] INFO  api-gateway-c.c.e.a.ApiGatewayApplicationTests.logStarting - Starting ApiGatewayApplicationTests using Java 22.0.2 with PID 26200 (started by Sushant Gargi in D:\Downloads\e_Commerce_57fbcb1148\eCommerce\api-gateway)
25-04-2026 15:01:55.240 [main] [-] INFO  api-gateway-c.c.e.a.ApiGatewayApplicationTests.logStartupProfileInfo - No active profile set, falling back to 1 default profile: "default"
25-04-2026 15:01:55.358 [main] [-] INFO  api-gateway-o.s.c.c.c.ConfigServerConfigDataLoader.logTo - Fetching config from server at : http://localhost:8888
25-04-2026 15:01:55.410 [main] [-] INFO  api-gateway-o.s.c.c.c.ConfigServerConfigDataLoader.logTo - Located environment: name=api-gateway, profiles=[default], label=null, version=ec2fa300df3a04356e97405aac462f8ad4f7feef, state=null
25-04-2026 15:01:59.257 [main] [-] INFO  api-gateway-o.s.cloud.context.scope.GenericScope.setSerializationId - BeanFactory id=c55c8c83-6a68-3c74-baae-0fe1f7a709fa
25-04-2026 15:01:59.574 [main] [-] WARN  api-gateway-o.s.c.s.PostProcessorRegistrationDelegate$BeanPostProcessorChecker.postProcessAfterInitialization - Bean 'org.springframework.cloud.client.loadbalancer.LoadBalancerAutoConfiguration$DeferringLoadBalancerInterceptorConfig' of type [org.springframework.cloud.client.loadbalancer.LoadBalancerAutoConfiguration$DeferringLoadBalancerInterceptorConfig] is not eligible for getting processed by all BeanPostProcessors (for example: not eligible for auto-proxying). The currently created BeanPostProcessor [lbRestClientPostProcessor] is declared through a non-static factory method on that class; consider declaring it as static instead.
25-04-2026 15:01:59.580 [main] [-] WARN  api-gateway-o.s.c.s.PostProcessorRegistrationDelegate$BeanPostProcessorChecker.postProcessAfterInitialization - Bean 'deferringLoadBalancerInterceptor' of type [org.springframework.cloud.client.loadbalancer.DeferringLoadBalancerInterceptor] is not eligible for getting processed by all BeanPostProcessors (for example: not eligible for auto-proxying). Is this bean getting eagerly injected into a currently created BeanPostProcessor [lbRestClientPostProcessor]? Check the corresponding BeanPostProcessor declaration and its dependencies.
25-04-2026 15:01:59.589 [main] [-] WARN  api-gateway-o.s.c.s.PostProcessorRegistrationDelegate$BeanPostProcessorChecker.postProcessAfterInitialization - Bean 'org.springframework.cloud.client.loadbalancer.reactive.LoadBalancerBeanPostProcessorAutoConfiguration' of type [org.springframework.cloud.client.loadbalancer.reactive.LoadBalancerBeanPostProcessorAutoConfiguration] is not eligible for getting processed by all BeanPostProcessors (for example: not eligible for auto-proxying). The currently created BeanPostProcessor [loadBalancerWebClientBuilderBeanPostProcessor] is declared through a non-static factory method on that class; consider declaring it as static instead.
25-04-2026 15:01:59.592 [main] [-] WARN  api-gateway-o.s.c.s.PostProcessorRegistrationDelegate$BeanPostProcessorChecker.postProcessAfterInitialization - Bean 'org.springframework.cloud.client.loadbalancer.reactive.LoadBalancerBeanPostProcessorAutoConfiguration$ReactorDeferringLoadBalancerFilterConfig' of type [org.springframework.cloud.client.loadbalancer.reactive.LoadBalancerBeanPostProcessorAutoConfiguration$ReactorDeferringLoadBalancerFilterConfig] is not eligible for getting processed by all BeanPostProcessors (for example: not eligible for auto-proxying). Is this bean getting eagerly injected into a currently created BeanPostProcessor [loadBalancerWebClientBuilderBeanPostProcessor]? Check the corresponding BeanPostProcessor declaration and its dependencies.
25-04-2026 15:01:59.596 [main] [-] WARN  api-gateway-o.s.c.s.PostProcessorRegistrationDelegate$BeanPostProcessorChecker.postProcessAfterInitialization - Bean 'reactorDeferringLoadBalancerExchangeFilterFunction' of type [org.springframework.cloud.client.loadbalancer.reactive.DeferringLoadBalancerExchangeFilterFunction] is not eligible for getting processed by all BeanPostProcessors (for example: not eligible for auto-proxying). Is this bean getting eagerly injected into a currently created BeanPostProcessor [loadBalancerWebClientBuilderBeanPostProcessor]? Check the corresponding BeanPostProcessor declaration and its dependencies.
25-04-2026 15:02:03.124 [main] [-] INFO  api-gateway-o.s.c.g.r.RouteDefinitionRouteLocator.lambda$initFactories$1 - Loaded RoutePredicateFactory [After]
25-04-2026 15:02:03.125 [main] [-] INFO  api-gateway-o.s.c.g.r.RouteDefinitionRouteLocator.lambda$initFactories$1 - Loaded RoutePredicateFactory [Before]
25-04-2026 15:02:03.127 [main] [-] INFO  api-gateway-o.s.c.g.r.RouteDefinitionRouteLocator.lambda$initFactories$1 - Loaded RoutePredicateFactory [Between]
25-04-2026 15:02:03.129 [main] [-] INFO  api-gateway-o.s.c.g.r.RouteDefinitionRouteLocator.lambda$initFactories$1 - Loaded RoutePredicateFactory [Cookie]
25-04-2026 15:02:03.130 [main] [-] INFO  api-gateway-o.s.c.g.r.RouteDefinitionRouteLocator.lambda$initFactories$1 - Loaded RoutePredicateFactory [Header]
25-04-2026 15:02:03.131 [main] [-] INFO  api-gateway-o.s.c.g.r.RouteDefinitionRouteLocator.lambda$initFactories$1 - Loaded RoutePredicateFactory [Host]
25-04-2026 15:02:03.132 [main] [-] INFO  api-gateway-o.s.c.g.r.RouteDefinitionRouteLocator.lambda$initFactories$1 - Loaded RoutePredicateFactory [Method]
25-04-2026 15:02:03.133 [main] [-] INFO  api-gateway-o.s.c.g.r.RouteDefinitionRouteLocator.lambda$initFactories$1 - Loaded RoutePredicateFactory [Path]
25-04-2026 15:02:03.133 [main] [-] INFO  api-gateway-o.s.c.g.r.RouteDefinitionRouteLocator.lambda$initFactories$1 - Loaded RoutePredicateFactory [Query]
25-04-2026 15:02:03.134 [main] [-] INFO  api-gateway-o.s.c.g.r.RouteDefinitionRouteLocator.lambda$initFactories$1 - Loaded RoutePredicateFactory [ReadBody]
25-04-2026 15:02:03.135 [main] [-] INFO  api-gateway-o.s.c.g.r.RouteDefinitionRouteLocator.lambda$initFactories$1 - Loaded RoutePredicateFactory [RemoteAddr]
25-04-2026 15:02:03.135 [main] [-] INFO  api-gateway-o.s.c.g.r.RouteDefinitionRouteLocator.lambda$initFactories$1 - Loaded RoutePredicateFactory [XForwardedRemoteAddr]
25-04-2026 15:02:03.136 [main] [-] INFO  api-gateway-o.s.c.g.r.RouteDefinitionRouteLocator.lambda$initFactories$1 - Loaded RoutePredicateFactory [Weight]
25-04-2026 15:02:03.136 [main] [-] INFO  api-gateway-o.s.c.g.r.RouteDefinitionRouteLocator.lambda$initFactories$1 - Loaded RoutePredicateFactory [CloudFoundryRouteService]
25-04-2026 15:02:04.065 [main] [-] INFO  api-gateway-o.s.b.a.e.web.EndpointLinksResolver.<init> - Exposing 17 endpoints beneath base path '/actuator'
25-04-2026 15:02:04.897 [main] [-] INFO  api-gateway-o.s.c.n.e.c.DiscoveryClientOptionalArgsConfiguration.restTemplateDiscoveryClientOptionalArgs - Eureka HTTP Client uses RestTemplate.
25-04-2026 15:02:04.963 [main] [-] WARN  api-gateway-o.s.c.l.c.LoadBalancerCacheAutoConfiguration$LoadBalancerCaffeineWarnLogger.afterPropertiesSet - Spring Cloud LoadBalancer is currently working with the default cache. While this cache implementation is useful for development and tests, it's recommended to use Caffeine cache in production.You can switch to using Caffeine cache, by adding it and org.springframework.cache.caffeine.CaffeineCacheManager to the classpath.
25-04-2026 15:02:05.089 [main] [-] INFO  api-gateway-o.s.c.n.eureka.InstanceInfoFactory.create - Setting initial instance status as: STARTING
25-04-2026 15:02:05.178 [main] [-] INFO  api-gateway-c.netflix.discovery.DiscoveryClient.<init> - Initializing Eureka in region us-east-1
25-04-2026 15:02:05.193 [main] [-] INFO  api-gateway-c.n.d.s.r.aws.ConfigClusterResolver.getClusterEndpoints - Resolving eureka endpoints via configuration
25-04-2026 15:02:05.213 [main] [-] INFO  api-gateway-c.netflix.discovery.DiscoveryClient.fetchRegistry - Disable delta property : false
25-04-2026 15:02:05.213 [main] [-] INFO  api-gateway-c.netflix.discovery.DiscoveryClient.fetchRegistry - Single vip registry refresh property : null
25-04-2026 15:02:05.214 [main] [-] INFO  api-gateway-c.netflix.discovery.DiscoveryClient.fetchRegistry - Force full registry fetch : false
25-04-2026 15:02:05.214 [main] [-] INFO  api-gateway-c.netflix.discovery.DiscoveryClient.fetchRegistry - Application is null : false
25-04-2026 15:02:05.215 [main] [-] INFO  api-gateway-c.netflix.discovery.DiscoveryClient.fetchRegistry - Registered Applications size is zero : true
25-04-2026 15:02:05.215 [main] [-] INFO  api-gateway-c.netflix.discovery.DiscoveryClient.fetchRegistry - Application version is -1: true
25-04-2026 15:02:05.215 [main] [-] INFO  api-gateway-c.netflix.discovery.DiscoveryClient.getAndStoreFullRegistry - Getting all instance registry info from the eureka server
25-04-2026 15:02:05.957 [main] [-] INFO  api-gateway-c.netflix.discovery.DiscoveryClient.getAndStoreFullRegistry - The response status is 200
25-04-2026 15:02:05.960 [main] [-] INFO  api-gateway-c.netflix.discovery.DiscoveryClient.initScheduledTasks - Starting heartbeat executor: renew interval is: 30
25-04-2026 15:02:05.963 [main] [-] INFO  api-gateway-c.n.discovery.InstanceInfoReplicator.<init> - InstanceInfoReplicator onDemand update allowed rate per min is 4
25-04-2026 15:02:05.966 [main] [-] INFO  api-gateway-c.netflix.discovery.DiscoveryClient.<init> - Discovery Client initialized at timestamp 1777109525965 with initial instances count: 5
25-04-2026 15:02:05.971 [main] [-] INFO  api-gateway-o.s.c.n.e.s.EurekaServiceRegistry.register - Registering application API-GATEWAY with eureka with status UP
25-04-2026 15:02:05.972 [main] [-] INFO  api-gateway-c.netflix.discovery.DiscoveryClient.notify - Saw local status change event StatusChangeEvent [timestamp=1777109525972, current=UP, previous=STARTING]
25-04-2026 15:02:05.974 [DiscoveryClient-InstanceInfoReplicator-%d] [-] INFO  api-gateway-c.netflix.discovery.DiscoveryClient.register - DiscoveryClient_API-GATEWAY/DESKTOP-VMQANPU.mshome.net:api-gateway:9000: registering service...
25-04-2026 15:02:06.173 [main] [-] INFO  api-gateway-c.c.e.a.ApiGatewayApplicationTests.logStarted - Started ApiGatewayApplicationTests in 16.255 seconds (process running for 19.207)
25-04-2026 15:02:06.211 [DiscoveryClient-InstanceInfoReplicator-%d] [-] INFO  api-gateway-c.netflix.discovery.DiscoveryClient.register - DiscoveryClient_API-GATEWAY/DESKTOP-VMQANPU.mshome.net:api-gateway:9000 - registration status: 204
25-04-2026 15:02:08.306 [SpringApplicationShutdownHook] [-] INFO  api-gateway-o.s.c.n.e.s.EurekaServiceRegistry.deregister - Unregistering application API-GATEWAY with eureka with status DOWN
25-04-2026 15:02:08.307 [SpringApplicationShutdownHook] [-] INFO  api-gateway-c.netflix.discovery.DiscoveryClient.notify - Saw local status change event StatusChangeEvent [timestamp=1777109528307, current=DOWN, previous=UP]
25-04-2026 15:02:08.307 [DiscoveryClient-InstanceInfoReplicator-%d] [-] INFO  api-gateway-c.netflix.discovery.DiscoveryClient.register - DiscoveryClient_API-GATEWAY/DESKTOP-VMQANPU.mshome.net:api-gateway:9000: registering service...
25-04-2026 15:02:08.316 [SpringApplicationShutdownHook] [-] INFO  api-gateway-c.netflix.discovery.DiscoveryClient.shutdown - Shutting down DiscoveryClient ...
25-04-2026 15:02:08.323 [DiscoveryClient-InstanceInfoReplicator-%d] [-] INFO  api-gateway-c.netflix.discovery.DiscoveryClient.register - DiscoveryClient_API-GATEWAY/DESKTOP-VMQANPU.mshome.net:api-gateway:9000 - registration status: 204
25-04-2026 15:02:08.323 [SpringApplicationShutdownHook] [-] INFO  api-gateway-c.netflix.discovery.DiscoveryClient.unregister - Unregistering ...
25-04-2026 15:02:08.419 [SpringApplicationShutdownHook] [-] INFO  api-gateway-c.netflix.discovery.DiscoveryClient.unregister - DiscoveryClient_API-GATEWAY/DESKTOP-VMQANPU.mshome.net:api-gateway:9000 - deregister  status: 200
25-04-2026 15:02:08.421 [SpringApplicationShutdownHook] [-] INFO  api-gateway-c.netflix.discovery.DiscoveryClient.shutdown - Completed shut down of DiscoveryClient
25-04-2026 20:05:47.982 [background-preinit] [-] INFO  api-gateway-o.h.validator.internal.util.Version.<clinit> - HV000001: Hibernate Validator 8.0.1.Final
25-04-2026 20:05:48.274 [main] [-] INFO  api-gateway-c.c.e.a.ApiGatewayApplicationTests.logStarting - Starting ApiGatewayApplicationTests using Java 22.0.2 with PID 12268 (started by Sushant Gargi in D:\Downloads\e_Commerce_57fbcb1148\eCommerce\api-gateway)
25-04-2026 20:05:48.281 [main] [-] INFO  api-gateway-c.c.e.a.ApiGatewayApplicationTests.logStartupProfileInfo - No active profile set, falling back to 1 default profile: "default"
25-04-2026 20:05:48.399 [main] [-] INFO  api-gateway-o.s.c.c.c.ConfigServerConfigDataLoader.logTo - Fetching config from server at : http://localhost:8888
25-04-2026 20:05:48.399 [main] [-] INFO  api-gateway-o.s.c.c.c.ConfigServerConfigDataLoader.logTo - Located environment: name=api-gateway, profiles=[default], label=null, version=ec2fa300df3a04356e97405aac462f8ad4f7feef, state=null
25-04-2026 20:05:51.146 [main] [-] INFO  api-gateway-o.s.cloud.context.scope.GenericScope.setSerializationId - BeanFactory id=c55c8c83-6a68-3c74-baae-0fe1f7a709fa
25-04-2026 20:05:51.401 [main] [-] WARN  api-gateway-o.s.c.s.PostProcessorRegistrationDelegate$BeanPostProcessorChecker.postProcessAfterInitialization - Bean 'org.springframework.cloud.client.loadbalancer.LoadBalancerAutoConfiguration$DeferringLoadBalancerInterceptorConfig' of type [org.springframework.cloud.client.loadbalancer.LoadBalancerAutoConfiguration$DeferringLoadBalancerInterceptorConfig] is not eligible for getting processed by all BeanPostProcessors (for example: not eligible for auto-proxying). The currently created BeanPostProcessor [lbRestClientPostProcessor] is declared through a non-static factory method on that class; consider declaring it as static instead.
25-04-2026 20:05:51.408 [main] [-] WARN  api-gateway-o.s.c.s.PostProcessorRegistrationDelegate$BeanPostProcessorChecker.postProcessAfterInitialization - Bean 'deferringLoadBalancerInterceptor' of type [org.springframework.cloud.client.loadbalancer.DeferringLoadBalancerInterceptor] is not eligible for getting processed by all BeanPostProcessors (for example: not eligible for auto-proxying). Is this bean getting eagerly injected into a currently created BeanPostProcessor [lbRestClientPostProcessor]? Check the corresponding BeanPostProcessor declaration and its dependencies.
25-04-2026 20:05:51.418 [main] [-] WARN  api-gateway-o.s.c.s.PostProcessorRegistrationDelegate$BeanPostProcessorChecker.postProcessAfterInitialization - Bean 'org.springframework.cloud.client.loadbalancer.reactive.LoadBalancerBeanPostProcessorAutoConfiguration' of type [org.springframework.cloud.client.loadbalancer.reactive.LoadBalancerBeanPostProcessorAutoConfiguration] is not eligible for getting processed by all BeanPostProcessors (for example: not eligible for auto-proxying). The currently created BeanPostProcessor [loadBalancerWebClientBuilderBeanPostProcessor] is declared through a non-static factory method on that class; consider declaring it as static instead.
25-04-2026 20:05:51.424 [main] [-] WARN  api-gateway-o.s.c.s.PostProcessorRegistrationDelegate$BeanPostProcessorChecker.postProcessAfterInitialization - Bean 'org.springframework.cloud.client.loadbalancer.reactive.LoadBalancerBeanPostProcessorAutoConfiguration$ReactorDeferringLoadBalancerFilterConfig' of type [org.springframework.cloud.client.loadbalancer.reactive.LoadBalancerBeanPostProcessorAutoConfiguration$ReactorDeferringLoadBalancerFilterConfig] is not eligible for getting processed by all BeanPostProcessors (for example: not eligible for auto-proxying). Is this bean getting eagerly injected into a currently created BeanPostProcessor [loadBalancerWebClientBuilderBeanPostProcessor]? Check the corresponding BeanPostProcessor declaration and its dependencies.
25-04-2026 20:05:51.430 [main] [-] WARN  api-gateway-o.s.c.s.PostProcessorRegistrationDelegate$BeanPostProcessorChecker.postProcessAfterInitialization - Bean 'reactorDeferringLoadBalancerExchangeFilterFunction' of type [org.springframework.cloud.client.loadbalancer.reactive.DeferringLoadBalancerExchangeFilterFunction] is not eligible for getting processed by all BeanPostProcessors (for example: not eligible for auto-proxying). Is this bean getting eagerly injected into a currently created BeanPostProcessor [loadBalancerWebClientBuilderBeanPostProcessor]? Check the corresponding BeanPostProcessor declaration and its dependencies.
25-04-2026 20:05:54.516 [main] [-] INFO  api-gateway-o.s.c.g.r.RouteDefinitionRouteLocator.lambda$initFactories$1 - Loaded RoutePredicateFactory [After]
25-04-2026 20:05:54.519 [main] [-] INFO  api-gateway-o.s.c.g.r.RouteDefinitionRouteLocator.lambda$initFactories$1 - Loaded RoutePredicateFactory [Before]
25-04-2026 20:05:54.523 [main] [-] INFO  api-gateway-o.s.c.g.r.RouteDefinitionRouteLocator.lambda$initFactories$1 - Loaded RoutePredicateFactory [Between]
25-04-2026 20:05:54.525 [main] [-] INFO  api-gateway-o.s.c.g.r.RouteDefinitionRouteLocator.lambda$initFactories$1 - Loaded RoutePredicateFactory [Cookie]
25-04-2026 20:05:54.526 [main] [-] INFO  api-gateway-o.s.c.g.r.RouteDefinitionRouteLocator.lambda$initFactories$1 - Loaded RoutePredicateFactory [Header]
25-04-2026 20:05:54.529 [main] [-] INFO  api-gateway-o.s.c.g.r.RouteDefinitionRouteLocator.lambda$initFactories$1 - Loaded RoutePredicateFactory [Host]
25-04-2026 20:05:54.530 [main] [-] INFO  api-gateway-o.s.c.g.r.RouteDefinitionRouteLocator.lambda$initFactories$1 - Loaded RoutePredicateFactory [Method]
25-04-2026 20:05:54.531 [main] [-] INFO  api-gateway-o.s.c.g.r.RouteDefinitionRouteLocator.lambda$initFactories$1 - Loaded RoutePredicateFactory [Path]
25-04-2026 20:05:54.533 [main] [-] INFO  api-gateway-o.s.c.g.r.RouteDefinitionRouteLocator.lambda$initFactories$1 - Loaded RoutePredicateFactory [Query]
25-04-2026 20:05:54.534 [main] [-] INFO  api-gateway-o.s.c.g.r.RouteDefinitionRouteLocator.lambda$initFactories$1 - Loaded RoutePredicateFactory [ReadBody]
25-04-2026 20:05:54.535 [main] [-] INFO  api-gateway-o.s.c.g.r.RouteDefinitionRouteLocator.lambda$initFactories$1 - Loaded RoutePredicateFactory [RemoteAddr]
25-04-2026 20:05:54.536 [main] [-] INFO  api-gateway-o.s.c.g.r.RouteDefinitionRouteLocator.lambda$initFactories$1 - Loaded RoutePredicateFactory [XForwardedRemoteAddr]
25-04-2026 20:05:54.539 [main] [-] INFO  api-gateway-o.s.c.g.r.RouteDefinitionRouteLocator.lambda$initFactories$1 - Loaded RoutePredicateFactory [Weight]
25-04-2026 20:05:54.540 [main] [-] INFO  api-gateway-o.s.c.g.r.RouteDefinitionRouteLocator.lambda$initFactories$1 - Loaded RoutePredicateFactory [CloudFoundryRouteService]
25-04-2026 20:05:56.660 [main] [-] INFO  api-gateway-o.s.b.a.e.web.EndpointLinksResolver.<init> - Exposing 17 endpoints beneath base path '/actuator'
25-04-2026 20:05:57.638 [main] [-] INFO  api-gateway-o.s.c.n.e.c.DiscoveryClientOptionalArgsConfiguration.restTemplateDiscoveryClientOptionalArgs - Eureka HTTP Client uses RestTemplate.
25-04-2026 20:05:57.683 [main] [-] WARN  api-gateway-o.s.c.l.c.LoadBalancerCacheAutoConfiguration$LoadBalancerCaffeineWarnLogger.afterPropertiesSet - Spring Cloud LoadBalancer is currently working with the default cache. While this cache implementation is useful for development and tests, it's recommended to use Caffeine cache in production.You can switch to using Caffeine cache, by adding it and org.springframework.cache.caffeine.CaffeineCacheManager to the classpath.
25-04-2026 20:05:57.812 [main] [-] INFO  api-gateway-o.s.c.n.eureka.InstanceInfoFactory.create - Setting initial instance status as: STARTING
25-04-2026 20:05:57.867 [main] [-] INFO  api-gateway-c.netflix.discovery.DiscoveryClient.<init> - Initializing Eureka in region us-east-1
25-04-2026 20:05:57.884 [main] [-] INFO  api-gateway-c.n.d.s.r.aws.ConfigClusterResolver.getClusterEndpoints - Resolving eureka endpoints via configuration
25-04-2026 20:05:57.927 [main] [-] INFO  api-gateway-c.netflix.discovery.DiscoveryClient.fetchRegistry - Disable delta property : false
25-04-2026 20:05:57.935 [main] [-] INFO  api-gateway-c.netflix.discovery.DiscoveryClient.fetchRegistry - Single vip registry refresh property : null
25-04-2026 20:05:57.938 [main] [-] INFO  api-gateway-c.netflix.discovery.DiscoveryClient.fetchRegistry - Force full registry fetch : false
25-04-2026 20:05:57.939 [main] [-] INFO  api-gateway-c.netflix.discovery.DiscoveryClient.fetchRegistry - Application is null : false
25-04-2026 20:05:57.941 [main] [-] INFO  api-gateway-c.netflix.discovery.DiscoveryClient.fetchRegistry - Registered Applications size is zero : true
25-04-2026 20:05:57.942 [main] [-] INFO  api-gateway-c.netflix.discovery.DiscoveryClient.fetchRegistry - Application version is -1: true
25-04-2026 20:05:57.943 [main] [-] INFO  api-gateway-c.netflix.discovery.DiscoveryClient.getAndStoreFullRegistry - Getting all instance registry info from the eureka server
25-04-2026 20:05:58.949 [main] [-] INFO  api-gateway-c.netflix.discovery.DiscoveryClient.getAndStoreFullRegistry - The response status is 200
25-04-2026 20:05:58.956 [main] [-] INFO  api-gateway-c.netflix.discovery.DiscoveryClient.initScheduledTasks - Starting heartbeat executor: renew interval is: 30
25-04-2026 20:05:58.963 [main] [-] INFO  api-gateway-c.n.discovery.InstanceInfoReplicator.<init> - InstanceInfoReplicator onDemand update allowed rate per min is 4
25-04-2026 20:05:58.992 [main] [-] INFO  api-gateway-c.netflix.discovery.DiscoveryClient.<init> - Discovery Client initialized at timestamp 1777127758991 with initial instances count: 5
25-04-2026 20:05:59.000 [main] [-] INFO  api-gateway-o.s.c.n.e.s.EurekaServiceRegistry.register - Registering application API-GATEWAY with eureka with status UP
25-04-2026 20:05:59.003 [main] [-] INFO  api-gateway-c.netflix.discovery.DiscoveryClient.notify - Saw local status change event StatusChangeEvent [timestamp=1777127759003, current=UP, previous=STARTING]
25-04-2026 20:05:59.015 [DiscoveryClient-InstanceInfoReplicator-%d] [-] INFO  api-gateway-c.netflix.discovery.DiscoveryClient.register - DiscoveryClient_API-GATEWAY/DESKTOP-VMQANPU.mshome.net:api-gateway:9000: registering service...
25-04-2026 20:05:59.250 [DiscoveryClient-InstanceInfoReplicator-%d] [-] INFO  api-gateway-c.netflix.discovery.DiscoveryClient.register - DiscoveryClient_API-GATEWAY/DESKTOP-VMQANPU.mshome.net:api-gateway:9000 - registration status: 204
25-04-2026 20:05:59.412 [main] [-] INFO  api-gateway-c.c.e.a.ApiGatewayApplicationTests.logStarted - Started ApiGatewayApplicationTests in 15.914 seconds (process running for 18.14)
25-04-2026 20:06:03.168 [SpringApplicationShutdownHook] [-] INFO  api-gateway-o.s.c.n.e.s.EurekaServiceRegistry.deregister - Unregistering application API-GATEWAY with eureka with status DOWN
25-04-2026 20:06:03.169 [SpringApplicationShutdownHook] [-] INFO  api-gateway-c.netflix.discovery.DiscoveryClient.notify - Saw local status change event StatusChangeEvent [timestamp=1777127763169, current=DOWN, previous=UP]
25-04-2026 20:06:03.170 [DiscoveryClient-InstanceInfoReplicator-%d] [-] INFO  api-gateway-c.netflix.discovery.DiscoveryClient.register - DiscoveryClient_API-GATEWAY/DESKTOP-VMQANPU.mshome.net:api-gateway:9000: registering service...
25-04-2026 20:06:03.185 [SpringApplicationShutdownHook] [-] INFO  api-gateway-c.netflix.discovery.DiscoveryClient.shutdown - Shutting down DiscoveryClient ...
25-04-2026 20:06:03.313 [DiscoveryClient-InstanceInfoReplicator-%d] [-] INFO  api-gateway-c.netflix.discovery.DiscoveryClient.register - DiscoveryClient_API-GATEWAY/DESKTOP-VMQANPU.mshome.net:api-gateway:9000 - registration status: 204
25-04-2026 20:06:03.314 [SpringApplicationShutdownHook] [-] INFO  api-gateway-c.netflix.discovery.DiscoveryClient.unregister - Unregistering ...
25-04-2026 20:06:07.563 [SpringApplicationShutdownHook] [-] INFO  api-gateway-c.netflix.discovery.DiscoveryClient.unregister - DiscoveryClient_API-GATEWAY/DESKTOP-VMQANPU.mshome.net:api-gateway:9000 - deregister  status: 200
25-04-2026 20:06:07.564 [SpringApplicationShutdownHook] [-] INFO  api-gateway-c.netflix.discovery.DiscoveryClient.shutdown - Completed shut down of DiscoveryClient
25-04-2026 20:08:35.746 [background-preinit] [-] INFO  api-gateway-o.h.validator.internal.util.Version.<clinit> - HV000001: Hibernate Validator 8.0.1.Final
25-04-2026 20:08:35.977 [main] [-] INFO  api-gateway-c.c.e.a.ApiGatewayApplicationTests.logStarting - Starting ApiGatewayApplicationTests using Java 22.0.2 with PID 16348 (started by Sushant Gargi in D:\Downloads\e_Commerce_57fbcb1148\eCommerce\api-gateway)
25-04-2026 20:08:35.979 [main] [-] INFO  api-gateway-c.c.e.a.ApiGatewayApplicationTests.logStartupProfileInfo - No active profile set, falling back to 1 default profile: "default"
25-04-2026 20:08:36.168 [main] [-] INFO  api-gateway-o.s.c.c.c.ConfigServerConfigDataLoader.logTo - Fetching config from server at : http://localhost:8888
25-04-2026 20:08:36.169 [main] [-] INFO  api-gateway-o.s.c.c.c.ConfigServerConfigDataLoader.logTo - Located environment: name=api-gateway, profiles=[default], label=null, version=ec2fa300df3a04356e97405aac462f8ad4f7feef, state=null
25-04-2026 20:08:39.134 [main] [-] INFO  api-gateway-o.s.cloud.context.scope.GenericScope.setSerializationId - BeanFactory id=c55c8c83-6a68-3c74-baae-0fe1f7a709fa
25-04-2026 20:08:39.411 [main] [-] WARN  api-gateway-o.s.c.s.PostProcessorRegistrationDelegate$BeanPostProcessorChecker.postProcessAfterInitialization - Bean 'org.springframework.cloud.client.loadbalancer.LoadBalancerAutoConfiguration$DeferringLoadBalancerInterceptorConfig' of type [org.springframework.cloud.client.loadbalancer.LoadBalancerAutoConfiguration$DeferringLoadBalancerInterceptorConfig] is not eligible for getting processed by all BeanPostProcessors (for example: not eligible for auto-proxying). The currently created BeanPostProcessor [lbRestClientPostProcessor] is declared through a non-static factory method on that class; consider declaring it as static instead.
25-04-2026 20:08:39.418 [main] [-] WARN  api-gateway-o.s.c.s.PostProcessorRegistrationDelegate$BeanPostProcessorChecker.postProcessAfterInitialization - Bean 'deferringLoadBalancerInterceptor' of type [org.springframework.cloud.client.loadbalancer.DeferringLoadBalancerInterceptor] is not eligible for getting processed by all BeanPostProcessors (for example: not eligible for auto-proxying). Is this bean getting eagerly injected into a currently created BeanPostProcessor [lbRestClientPostProcessor]? Check the corresponding BeanPostProcessor declaration and its dependencies.
25-04-2026 20:08:39.429 [main] [-] WARN  api-gateway-o.s.c.s.PostProcessorRegistrationDelegate$BeanPostProcessorChecker.postProcessAfterInitialization - Bean 'org.springframework.cloud.client.loadbalancer.reactive.LoadBalancerBeanPostProcessorAutoConfiguration' of type [org.springframework.cloud.client.loadbalancer.reactive.LoadBalancerBeanPostProcessorAutoConfiguration] is not eligible for getting processed by all BeanPostProcessors (for example: not eligible for auto-proxying). The currently created BeanPostProcessor [loadBalancerWebClientBuilderBeanPostProcessor] is declared through a non-static factory method on that class; consider declaring it as static instead.
25-04-2026 20:08:39.434 [main] [-] WARN  api-gateway-o.s.c.s.PostProcessorRegistrationDelegate$BeanPostProcessorChecker.postProcessAfterInitialization - Bean 'org.springframework.cloud.client.loadbalancer.reactive.LoadBalancerBeanPostProcessorAutoConfiguration$ReactorDeferringLoadBalancerFilterConfig' of type [org.springframework.cloud.client.loadbalancer.reactive.LoadBalancerBeanPostProcessorAutoConfiguration$ReactorDeferringLoadBalancerFilterConfig] is not eligible for getting processed by all BeanPostProcessors (for example: not eligible for auto-proxying). Is this bean getting eagerly injected into a currently created BeanPostProcessor [loadBalancerWebClientBuilderBeanPostProcessor]? Check the corresponding BeanPostProcessor declaration and its dependencies.
25-04-2026 20:08:39.439 [main] [-] WARN  api-gateway-o.s.c.s.PostProcessorRegistrationDelegate$BeanPostProcessorChecker.postProcessAfterInitialization - Bean 'reactorDeferringLoadBalancerExchangeFilterFunction' of type [org.springframework.cloud.client.loadbalancer.reactive.DeferringLoadBalancerExchangeFilterFunction] is not eligible for getting processed by all BeanPostProcessors (for example: not eligible for auto-proxying). Is this bean getting eagerly injected into a currently created BeanPostProcessor [loadBalancerWebClientBuilderBeanPostProcessor]? Check the corresponding BeanPostProcessor declaration and its dependencies.
25-04-2026 20:08:42.271 [main] [-] INFO  api-gateway-o.s.c.g.r.RouteDefinitionRouteLocator.lambda$initFactories$1 - Loaded RoutePredicateFactory [After]
25-04-2026 20:08:42.272 [main] [-] INFO  api-gateway-o.s.c.g.r.RouteDefinitionRouteLocator.lambda$initFactories$1 - Loaded RoutePredicateFactory [Before]
25-04-2026 20:08:42.274 [main] [-] INFO  api-gateway-o.s.c.g.r.RouteDefinitionRouteLocator.lambda$initFactories$1 - Loaded RoutePredicateFactory [Between]
25-04-2026 20:08:42.276 [main] [-] INFO  api-gateway-o.s.c.g.r.RouteDefinitionRouteLocator.lambda$initFactories$1 - Loaded RoutePredicateFactory [Cookie]
25-04-2026 20:08:42.279 [main] [-] INFO  api-gateway-o.s.c.g.r.RouteDefinitionRouteLocator.lambda$initFactories$1 - Loaded RoutePredicateFactory [Header]
25-04-2026 20:08:42.281 [main] [-] INFO  api-gateway-o.s.c.g.r.RouteDefinitionRouteLocator.lambda$initFactories$1 - Loaded RoutePredicateFactory [Host]
25-04-2026 20:08:42.284 [main] [-] INFO  api-gateway-o.s.c.g.r.RouteDefinitionRouteLocator.lambda$initFactories$1 - Loaded RoutePredicateFactory [Method]
25-04-2026 20:08:42.286 [main] [-] INFO  api-gateway-o.s.c.g.r.RouteDefinitionRouteLocator.lambda$initFactories$1 - Loaded RoutePredicateFactory [Path]
25-04-2026 20:08:42.288 [main] [-] INFO  api-gateway-o.s.c.g.r.RouteDefinitionRouteLocator.lambda$initFactories$1 - Loaded RoutePredicateFactory [Query]
25-04-2026 20:08:42.290 [main] [-] INFO  api-gateway-o.s.c.g.r.RouteDefinitionRouteLocator.lambda$initFactories$1 - Loaded RoutePredicateFactory [ReadBody]
25-04-2026 20:08:42.292 [main] [-] INFO  api-gateway-o.s.c.g.r.RouteDefinitionRouteLocator.lambda$initFactories$1 - Loaded RoutePredicateFactory [RemoteAddr]
25-04-2026 20:08:42.293 [main] [-] INFO  api-gateway-o.s.c.g.r.RouteDefinitionRouteLocator.lambda$initFactories$1 - Loaded RoutePredicateFactory [XForwardedRemoteAddr]
25-04-2026 20:08:42.294 [main] [-] INFO  api-gateway-o.s.c.g.r.RouteDefinitionRouteLocator.lambda$initFactories$1 - Loaded RoutePredicateFactory [Weight]
25-04-2026 20:08:42.294 [main] [-] INFO  api-gateway-o.s.c.g.r.RouteDefinitionRouteLocator.lambda$initFactories$1 - Loaded RoutePredicateFactory [CloudFoundryRouteService]
25-04-2026 20:08:43.265 [main] [-] INFO  api-gateway-o.s.b.a.e.web.EndpointLinksResolver.<init> - Exposing 17 endpoints beneath base path '/actuator'
25-04-2026 20:08:44.492 [main] [-] INFO  api-gateway-o.s.c.n.e.c.DiscoveryClientOptionalArgsConfiguration.restTemplateDiscoveryClientOptionalArgs - Eureka HTTP Client uses RestTemplate.
25-04-2026 20:08:44.573 [main] [-] WARN  api-gateway-o.s.c.l.c.LoadBalancerCacheAutoConfiguration$LoadBalancerCaffeineWarnLogger.afterPropertiesSet - Spring Cloud LoadBalancer is currently working with the default cache. While this cache implementation is useful for development and tests, it's recommended to use Caffeine cache in production.You can switch to using Caffeine cache, by adding it and org.springframework.cache.caffeine.CaffeineCacheManager to the classpath.
25-04-2026 20:08:44.751 [main] [-] INFO  api-gateway-o.s.c.n.eureka.InstanceInfoFactory.create - Setting initial instance status as: STARTING
25-04-2026 20:08:44.843 [main] [-] INFO  api-gateway-c.netflix.discovery.DiscoveryClient.<init> - Initializing Eureka in region us-east-1
25-04-2026 20:08:44.867 [main] [-] INFO  api-gateway-c.n.d.s.r.aws.ConfigClusterResolver.getClusterEndpoints - Resolving eureka endpoints via configuration
25-04-2026 20:08:44.893 [main] [-] INFO  api-gateway-c.netflix.discovery.DiscoveryClient.fetchRegistry - Disable delta property : false
25-04-2026 20:08:44.894 [main] [-] INFO  api-gateway-c.netflix.discovery.DiscoveryClient.fetchRegistry - Single vip registry refresh property : null
25-04-2026 20:08:44.895 [main] [-] INFO  api-gateway-c.netflix.discovery.DiscoveryClient.fetchRegistry - Force full registry fetch : false
25-04-2026 20:08:44.896 [main] [-] INFO  api-gateway-c.netflix.discovery.DiscoveryClient.fetchRegistry - Application is null : false
25-04-2026 20:08:44.897 [main] [-] INFO  api-gateway-c.netflix.discovery.DiscoveryClient.fetchRegistry - Registered Applications size is zero : true
25-04-2026 20:08:44.898 [main] [-] INFO  api-gateway-c.netflix.discovery.DiscoveryClient.fetchRegistry - Application version is -1: true
25-04-2026 20:08:44.898 [main] [-] INFO  api-gateway-c.netflix.discovery.DiscoveryClient.getAndStoreFullRegistry - Getting all instance registry info from the eureka server
25-04-2026 20:08:45.471 [main] [-] INFO  api-gateway-c.netflix.discovery.DiscoveryClient.getAndStoreFullRegistry - The response status is 200
25-04-2026 20:08:45.480 [main] [-] INFO  api-gateway-c.netflix.discovery.DiscoveryClient.initScheduledTasks - Starting heartbeat executor: renew interval is: 30
25-04-2026 20:08:45.489 [main] [-] INFO  api-gateway-c.n.discovery.InstanceInfoReplicator.<init> - InstanceInfoReplicator onDemand update allowed rate per min is 4
25-04-2026 20:08:45.493 [main] [-] INFO  api-gateway-c.netflix.discovery.DiscoveryClient.<init> - Discovery Client initialized at timestamp 1777127925492 with initial instances count: 5
25-04-2026 20:08:45.499 [main] [-] INFO  api-gateway-o.s.c.n.e.s.EurekaServiceRegistry.register - Registering application API-GATEWAY with eureka with status UP
25-04-2026 20:08:45.500 [main] [-] INFO  api-gateway-c.netflix.discovery.DiscoveryClient.notify - Saw local status change event StatusChangeEvent [timestamp=1777127925500, current=UP, previous=STARTING]
25-04-2026 20:08:45.504 [DiscoveryClient-InstanceInfoReplicator-%d] [-] INFO  api-gateway-c.netflix.discovery.DiscoveryClient.register - DiscoveryClient_API-GATEWAY/DESKTOP-VMQANPU.mshome.net:api-gateway:9000: registering service...
25-04-2026 20:08:45.628 [DiscoveryClient-InstanceInfoReplicator-%d] [-] INFO  api-gateway-c.netflix.discovery.DiscoveryClient.register - DiscoveryClient_API-GATEWAY/DESKTOP-VMQANPU.mshome.net:api-gateway:9000 - registration status: 204
25-04-2026 20:08:45.702 [main] [-] INFO  api-gateway-c.c.e.a.ApiGatewayApplicationTests.logStarted - Started ApiGatewayApplicationTests in 14.743 seconds (process running for 16.859)
25-04-2026 20:08:47.111 [SpringApplicationShutdownHook] [-] INFO  api-gateway-o.s.c.n.e.s.EurekaServiceRegistry.deregister - Unregistering application API-GATEWAY with eureka with status DOWN
25-04-2026 20:08:47.112 [SpringApplicationShutdownHook] [-] INFO  api-gateway-c.netflix.discovery.DiscoveryClient.notify - Saw local status change event StatusChangeEvent [timestamp=1777127927112, current=DOWN, previous=UP]
25-04-2026 20:08:47.112 [DiscoveryClient-InstanceInfoReplicator-%d] [-] INFO  api-gateway-c.netflix.discovery.DiscoveryClient.register - DiscoveryClient_API-GATEWAY/DESKTOP-VMQANPU.mshome.net:api-gateway:9000: registering service...
25-04-2026 20:08:47.120 [DiscoveryClient-InstanceInfoReplicator-%d] [-] INFO  api-gateway-c.netflix.discovery.DiscoveryClient.register - DiscoveryClient_API-GATEWAY/DESKTOP-VMQANPU.mshome.net:api-gateway:9000 - registration status: 204
25-04-2026 20:08:47.127 [SpringApplicationShutdownHook] [-] INFO  api-gateway-c.netflix.discovery.DiscoveryClient.shutdown - Shutting down DiscoveryClient ...
25-04-2026 20:08:50.137 [SpringApplicationShutdownHook] [-] INFO  api-gateway-c.netflix.discovery.DiscoveryClient.unregister - Unregistering ...
25-04-2026 20:08:50.158 [SpringApplicationShutdownHook] [-] INFO  api-gateway-c.netflix.discovery.DiscoveryClient.unregister - DiscoveryClient_API-GATEWAY/DESKTOP-VMQANPU.mshome.net:api-gateway:9000 - deregister  status: 200
25-04-2026 20:08:50.159 [SpringApplicationShutdownHook] [-] INFO  api-gateway-c.netflix.discovery.DiscoveryClient.shutdown - Completed shut down of DiscoveryClient
